Start testing: Nov 15 11:13 CST
----------------------------------------------------------
1/2 Testing: ModernArchitectureTests
1/2 Test: ModernArchitectureTests
Command: "/home/spinoza/github/released/algebraic_hashing/build/test_modern_architecture"
Directory: /home/spinoza/github/released/algebraic_hashing/build
"ModernArchitectureTests" start time: Nov 15 11:13 CST
Output:
----------------------------------------------------------
Running main() from ./googletest/src/gtest_main.cc
[==========] Running 26 tests from 8 test suites.
[----------] Global test environment set-up.
[----------] 4 tests from HashValueTest
[ RUN      ] HashValueTest.BasicProperties
[       OK ] HashValueTest.BasicProperties (0 ms)
[ RUN      ] HashValueTest.BitwiseOperations
[       OK ] HashValueTest.BitwiseOperations (0 ms)
[ RUN      ] HashValueTest.Utility
[       OK ] HashValueTest.Utility (0 ms)
[ RUN      ] HashValueTest.Concatenation
[       OK ] HashValueTest.Concatenation (0 ms)
[----------] 4 tests from HashValueTest (0 ms total)

[----------] 3 tests from ConceptsTest
[ RUN      ] ConceptsTest.HashableTypes
[       OK ] ConceptsTest.HashableTypes (0 ms)
[ RUN      ] ConceptsTest.HashValueConcept
[       OK ] ConceptsTest.HashValueConcept (0 ms)
[ RUN      ] ConceptsTest.HashFunctionConcept
[       OK ] ConceptsTest.HashFunctionConcept (0 ms)
[----------] 3 tests from ConceptsTest (0 ms total)

[----------] 6 tests from FnvHashTest
[ RUN      ] FnvHashTest.Determinism
[       OK ] FnvHashTest.Determinism (0 ms)
[ RUN      ] FnvHashTest.Distinctness
[       OK ] FnvHashTest.Distinctness (0 ms)
[ RUN      ] FnvHashTest.AvalancheEffect
[       OK ] FnvHashTest.AvalancheEffect (0 ms)
[ RUN      ] FnvHashTest.DifferentSizes
[       OK ] FnvHashTest.DifferentSizes (0 ms)
[ RUN      ] FnvHashTest.EmptyInput
[       OK ] FnvHashTest.EmptyInput (0 ms)
[ RUN      ] FnvHashTest.LargeInput
[       OK ] FnvHashTest.LargeInput (0 ms)
[----------] 6 tests from FnvHashTest (1 ms total)

[----------] 6 tests from AlgebraicOperationsTest
[ RUN      ] AlgebraicOperationsTest.XorComposition
[       OK ] AlgebraicOperationsTest.XorComposition (0 ms)
[ RUN      ] AlgebraicOperationsTest.XorCompositionProperties
[       OK ] AlgebraicOperationsTest.XorCompositionProperties (0 ms)
[ RUN      ] AlgebraicOperationsTest.SequentialComposition
[       OK ] AlgebraicOperationsTest.SequentialComposition (0 ms)
[ RUN      ] AlgebraicOperationsTest.Complement
[       OK ] AlgebraicOperationsTest.Complement (0 ms)
[ RUN      ] AlgebraicOperationsTest.RepeatedApplication
[       OK ] AlgebraicOperationsTest.RepeatedApplication (0 ms)
[ RUN      ] AlgebraicOperationsTest.ChainComposition
[       OK ] AlgebraicOperationsTest.ChainComposition (0 ms)
[----------] 6 tests from AlgebraicOperationsTest (0 ms total)

[----------] 2 tests from PerformanceTest
[ RUN      ] PerformanceTest.ThroughputMeasurement
Performance Results:
- Processed 1000 strings
- Average time per hash: 2424.53 ns
- Throughput: 21.5725 MB/s
[       OK ] PerformanceTest.ThroughputMeasurement (20 ms)
[ RUN      ] PerformanceTest.DistributionQuality
Distribution Analysis:
- Expected count per byte: 3.90625
- Chi-squared statistic: 261.056
[       OK ] PerformanceTest.DistributionQuality (16 ms)
[----------] 2 tests from PerformanceTest (37 ms total)

[----------] 2 tests from EducationalTest
[ RUN      ] EducationalTest.ConceptChecking
[       OK ] EducationalTest.ConceptChecking (0 ms)
[ RUN      ] EducationalTest.AlgebraicProperties
[       OK ] EducationalTest.AlgebraicProperties (0 ms)
[----------] 2 tests from EducationalTest (0 ms total)

[----------] 1 test from RegressionTest
[ RUN      ] RegressionTest.KnownValues
[       OK ] RegressionTest.KnownValues (0 ms)
[----------] 1 test from RegressionTest (0 ms total)

[----------] 2 tests from IntegrationTest
[ RUN      ] IntegrationTest.ComplexComposition
[       OK ] IntegrationTest.ComplexComposition (0 ms)
[ RUN      ] IntegrationTest.StandardLibraryIntegration
[       OK ] IntegrationTest.StandardLibraryIntegration (0 ms)
[----------] 2 tests from IntegrationTest (0 ms total)

[----------] Global test environment tear-down
[==========] 26 tests from 8 test suites ran. (40 ms total)
[  PASSED  ] 26 tests.
<end of output>
Test time =   0.07 sec
----------------------------------------------------------
Test Passed.
"ModernArchitectureTests" end time: Nov 15 11:13 CST
"ModernArchitectureTests" time elapsed: 00:00:00
----------------------------------------------------------

2/2 Testing: ComprehensiveCoverageTests
2/2 Test: ComprehensiveCoverageTests
Command: "/home/spinoza/github/released/algebraic_hashing/build/test_comprehensive_coverage"
Directory: /home/spinoza/github/released/algebraic_hashing/build
"ComprehensiveCoverageTests" start time: Nov 15 11:13 CST
Output:
----------------------------------------------------------
[==========] Running 34 tests from 9 test suites.
[----------] Global test environment set-up.
[----------] 4 tests from AdvancedHashValueTest
[ RUN      ] AdvancedHashValueTest.LargeHashValueOperations
[       OK ] AdvancedHashValueTest.LargeHashValueOperations (0 ms)
[ RUN      ] AdvancedHashValueTest.EdgeCaseValues
[       OK ] AdvancedHashValueTest.EdgeCaseValues (0 ms)
[ RUN      ] AdvancedHashValueTest.TruncationOperations
[       OK ] AdvancedHashValueTest.TruncationOperations (0 ms)
[ RUN      ] AdvancedHashValueTest.ConcatenationEdgeCases
[       OK ] AdvancedHashValueTest.ConcatenationEdgeCases (0 ms)
[----------] 4 tests from AdvancedHashValueTest (0 ms total)

[----------] 5 tests from AdvancedDSLTest
[ RUN      ] AdvancedDSLTest.ParallelComposition
[       OK ] AdvancedDSLTest.ParallelComposition (2 ms)
[ RUN      ] AdvancedDSLTest.NestedCompositions
[       OK ] AdvancedDSLTest.NestedCompositions (0 ms)
[ RUN      ] AdvancedDSLTest.ChainWithManyFunctions
[       OK ] AdvancedDSLTest.ChainWithManyFunctions (0 ms)
[ RUN      ] AdvancedDSLTest.RepeatedApplicationLimits
[       OK ] AdvancedDSLTest.RepeatedApplicationLimits (0 ms)
[ RUN      ] AdvancedDSLTest.AnalysisFunctions
[       OK ] AdvancedDSLTest.AnalysisFunctions (0 ms)
[----------] 5 tests from AdvancedDSLTest (3 ms total)

[----------] 5 tests from InputTypeTest
[ RUN      ] InputTypeTest.NumericTypes
[       OK ] InputTypeTest.NumericTypes (0 ms)
[ RUN      ] InputTypeTest.ContainerTypes
[       OK ] InputTypeTest.ContainerTypes (0 ms)
[ RUN      ] InputTypeTest.SmartPointers
[       OK ] InputTypeTest.SmartPointers (0 ms)
[ RUN      ] InputTypeTest.OptionalAndVariant
[       OK ] InputTypeTest.OptionalAndVariant (0 ms)
[ RUN      ] InputTypeTest.TuplesAndPairs
[       OK ] InputTypeTest.TuplesAndPairs (0 ms)
[----------] 5 tests from InputTypeTest (0 ms total)

[----------] 3 tests from BoundaryTest
[ RUN      ] BoundaryTest.ExtremeSizes
[       OK ] BoundaryTest.ExtremeSizes (63 ms)
[ RUN      ] BoundaryTest.SpecialCharacters
[       OK ] BoundaryTest.SpecialCharacters (0 ms)
[ RUN      ] BoundaryTest.NumericLimits
[       OK ] BoundaryTest.NumericLimits (0 ms)
[----------] 3 tests from BoundaryTest (63 ms total)

[----------] 3 tests from AlgebraicPropertiesTest
[ RUN      ] AlgebraicPropertiesTest.GroupAxioms
[       OK ] AlgebraicPropertiesTest.GroupAxioms (0 ms)
[ RUN      ] AlgebraicPropertiesTest.DistributiveLaws
[       OK ] AlgebraicPropertiesTest.DistributiveLaws (0 ms)
[ RUN      ] AlgebraicPropertiesTest.CompositionAssociativity
[       OK ] AlgebraicPropertiesTest.CompositionAssociativity (0 ms)
[----------] 3 tests from AlgebraicPropertiesTest (0 ms total)

[----------] 2 tests from PerformanceCharacteristicsTest
[ RUN      ] PerformanceCharacteristicsTest.LinearComplexity
[       OK ] PerformanceCharacteristicsTest.LinearComplexity (3263 ms)
[ RUN      ] PerformanceCharacteristicsTest.CompositionOverhead
[       OK ] PerformanceCharacteristicsTest.CompositionOverhead (8694 ms)
[----------] 2 tests from PerformanceCharacteristicsTest (11958 ms total)

[----------] 2 tests from RegressionTest
[ RUN      ] RegressionTest.NumericHashingConsistency
[       OK ] RegressionTest.NumericHashingConsistency (0 ms)
[ RUN      ] RegressionTest.FloatingPointByteRepresentation
[       OK ] RegressionTest.FloatingPointByteRepresentation (0 ms)
[----------] 2 tests from RegressionTest (0 ms total)

[----------] 5 tests from ThreadSafetyTest
[ RUN      ] ThreadSafetyTest.ConcurrentHashingDeterminism
[       OK ] ThreadSafetyTest.ConcurrentHashingDeterminism (58 ms)
[ RUN      ] ThreadSafetyTest.SharedHasherInstance
[       OK ] ThreadSafetyTest.SharedHasherInstance (22 ms)
[ RUN      ] ThreadSafetyTest.ConcurrentComposition
[       OK ] ThreadSafetyTest.ConcurrentComposition (37 ms)
[ RUN      ] ThreadSafetyTest.ConcurrentHashValueOperations
[       OK ] ThreadSafetyTest.ConcurrentHashValueOperations (10 ms)
[ RUN      ] ThreadSafetyTest.NoDataRaces
[       OK ] ThreadSafetyTest.NoDataRaces (15 ms)
[----------] 5 tests from ThreadSafetyTest (143 ms total)

[----------] 5 tests from FNVTestVectors
[ RUN      ] FNVTestVectors.FNV1a_64bit_OfficialVectors
[       OK ] FNVTestVectors.FNV1a_64bit_OfficialVectors (0 ms)
[ RUN      ] FNVTestVectors.FNV1a_32bit_OfficialVectors
[       OK ] FNVTestVectors.FNV1a_32bit_OfficialVectors (0 ms)
[ RUN      ] FNVTestVectors.BinaryData
[       OK ] FNVTestVectors.BinaryData (0 ms)
[ RUN      ] FNVTestVectors.LongStrings
[       OK ] FNVTestVectors.LongStrings (0 ms)
[ RUN      ] FNVTestVectors.NonIncremental
[       OK ] FNVTestVectors.NonIncremental (0 ms)
[----------] 5 tests from FNVTestVectors (0 ms total)

[----------] Global test environment tear-down
[==========] 34 tests from 9 test suites ran. (12171 ms total)
[  PASSED  ] 34 tests.
<end of output>
Test time =  12.19 sec
----------------------------------------------------------
Test Passed.
"ComprehensiveCoverageTests" end time: Nov 15 11:13 CST
"ComprehensiveCoverageTests" time elapsed: 00:00:12
----------------------------------------------------------

End testing: Nov 15 11:13 CST

core =   0.07 sec*proc

coverage =  12.19 sec*proc

extensive =  12.19 sec*proc

unit =  12.26 sec*proc

