TN:
SF:/home/spinoza/github/released/algebraic_hashing/include/algebraic_hashing/core/hash_function_base.hpp
FN:101,107,_ZNK17algebraic_hashing18hash_function_baseINS_9functions8fnv_hashINS_10hash_valueILm8EEEEES4_E7entropyEv
FN:135,137,_ZNK17algebraic_hashing18hash_function_baseINS_9functions8fnv_hashINS_10hash_valueILm8EEEEES4_E14get_statisticsEv
FN:142,144,_ZNK17algebraic_hashing18hash_function_baseINS_9functions8fnv_hashINS_10hash_valueILm8EEEEES4_E16reset_statisticsEv
FN:199,207,_ZN17algebraic_hashing18hash_function_baseINS_9functions8fnv_hashINS_10hash_valueILm4EEEEES4_E19estimate_input_sizeINSt7__cxx1112basic_stringIcSt11char_traitsIcESaIcEEEEEmRKT_
FN:199,207,_ZN17algebraic_hashing18hash_function_baseINS_9functions8fnv_hashINS_10hash_valueILm4EEEEES4_E19estimate_input_sizeIdEEmRKT_
FN:199,207,_ZN17algebraic_hashing18hash_function_baseINS_9functions8fnv_hashINS_10hash_valueILm8EEEEES4_E19estimate_input_sizeIA1_cEEmRKT_
FN:199,207,_ZN17algebraic_hashing18hash_function_baseINS_9functions8fnv_hashINS_10hash_valueILm8EEEEES4_E19estimate_input_sizeIA6_cEEmRKT_
FN:199,207,_ZN17algebraic_hashing18hash_function_baseINS_9functions8fnv_hashINS_10hash_valueILm8EEEEES4_E19estimate_input_sizeINSt7__cxx1112basic_stringIcSt11char_traitsIcESaIcEEEEEmRKT_
FN:199,207,_ZN17algebraic_hashing18hash_function_baseINS_9functions8fnv_hashINS_10hash_valueILm8EEEEES4_E19estimate_input_sizeINSt7__cxx114listIiSaIiEEEEEmRKT_
FN:199,207,_ZN17algebraic_hashing18hash_function_baseINS_9functions8fnv_hashINS_10hash_valueILm8EEEEES4_E19estimate_input_sizeIPiEEmRKT_
FN:199,207,_ZN17algebraic_hashing18hash_function_baseINS_9functions8fnv_hashINS_10hash_valueILm8EEEEES4_E19estimate_input_sizeIS4_EEmRKT_
FN:199,207,_ZN17algebraic_hashing18hash_function_baseINS_9functions8fnv_hashINS_10hash_valueILm8EEEEES4_E19estimate_input_sizeISt10shared_ptrINSt7__cxx1112basic_stringIcSt11char_traitsIcESaIcEEEEEEmRKT_
FN:199,207,_ZN17algebraic_hashing18hash_function_baseINS_9functions8fnv_hashINS_10hash_valueILm8EEEEES4_E19estimate_input_sizeISt10shared_ptrIiEEEmRKT_
FN:199,207,_ZN17algebraic_hashing18hash_function_baseINS_9functions8fnv_hashINS_10hash_valueILm8EEEEES4_E19estimate_input_sizeISt17basic_string_viewIcSt11char_traitsIcEEEEmRKT_
FN:199,207,_ZN17algebraic_hashing18hash_function_baseINS_9functions8fnv_hashINS_10hash_valueILm8EEEEES4_E19estimate_input_sizeISt3mapIiNSt7__cxx1112basic_stringIcSt11char_traitsIcESaIcEEESt4lessIiESaISt4pairIKiSE_EEEEEmRKT_
FN:199,207,_ZN17algebraic_hashing18hash_function_baseINS_9functions8fnv_hashINS_10hash_valueILm8EEEEES4_E19estimate_input_sizeISt3setIiSt4lessIiESaIiEEEEmRKT_
FN:199,207,_ZN17algebraic_hashing18hash_function_baseINS_9functions8fnv_hashINS_10hash_valueILm8EEEEES4_E19estimate_input_sizeISt4pairIiNSt7__cxx1112basic_stringIcSt11char_traitsIcESaIcEEEEEEmRKT_
FN:199,207,_ZN17algebraic_hashing18hash_function_baseINS_9functions8fnv_hashINS_10hash_valueILm8EEEEES4_E19estimate_input_sizeISt5arrayIiLm5EEEEmRKT_
FN:199,207,_ZN17algebraic_hashing18hash_function_baseINS_9functions8fnv_hashINS_10hash_valueILm8EEEEES4_E19estimate_input_sizeISt5dequeIiSaIiEEEEmRKT_
FN:199,207,_ZN17algebraic_hashing18hash_function_baseINS_9functions8fnv_hashINS_10hash_valueILm8EEEEES4_E19estimate_input_sizeISt5tupleIJidNSt7__cxx1112basic_stringIcSt11char_traitsIcESaIcEEEEEEEmRKT_
FN:199,207,_ZN17algebraic_hashing18hash_function_baseINS_9functions8fnv_hashINS_10hash_valueILm8EEEEES4_E19estimate_input_sizeISt5tupleIJiiiEEEEmRKT_
FN:199,207,_ZN17algebraic_hashing18hash_function_baseINS_9functions8fnv_hashINS_10hash_valueILm8EEEEES4_E19estimate_input_sizeISt6vectorIiSaIiEEEEmRKT_
FN:199,207,_ZN17algebraic_hashing18hash_function_baseINS_9functions8fnv_hashINS_10hash_valueILm8EEEEES4_E19estimate_input_sizeISt7variantIJiNSt7__cxx1112basic_stringIcSt11char_traitsIcESaIcEEEEEEEmRKT_
FN:199,207,_ZN17algebraic_hashing18hash_function_baseINS_9functions8fnv_hashINS_10hash_valueILm8EEEEES4_E19estimate_input_sizeISt8optionalIiEEEmRKT_
FN:199,207,_ZN17algebraic_hashing18hash_function_baseINS_9functions8fnv_hashINS_10hash_valueILm8EEEEES4_E19estimate_input_sizeIaEEmRKT_
FN:199,207,_ZN17algebraic_hashing18hash_function_baseINS_9functions8fnv_hashINS_10hash_valueILm8EEEEES4_E19estimate_input_sizeIdEEmRKT_
FN:199,207,_ZN17algebraic_hashing18hash_function_baseINS_9functions8fnv_hashINS_10hash_valueILm8EEEEES4_E19estimate_input_sizeIeEEmRKT_
FN:199,207,_ZN17algebraic_hashing18hash_function_baseINS_9functions8fnv_hashINS_10hash_valueILm8EEEEES4_E19estimate_input_sizeIfEEmRKT_
FN:199,207,_ZN17algebraic_hashing18hash_function_baseINS_9functions8fnv_hashINS_10hash_valueILm8EEEEES4_E19estimate_input_sizeIhEEmRKT_
FN:199,207,_ZN17algebraic_hashing18hash_function_baseINS_9functions8fnv_hashINS_10hash_valueILm8EEEEES4_E19estimate_input_sizeIiEEmRKT_
FN:199,207,_ZN17algebraic_hashing18hash_function_baseINS_9functions8fnv_hashINS_10hash_valueILm8EEEEES4_E19estimate_input_sizeIjEEmRKT_
FN:199,207,_ZN17algebraic_hashing18hash_function_baseINS_9functions8fnv_hashINS_10hash_valueILm8EEEEES4_E19estimate_input_sizeIlEEmRKT_
FN:199,207,_ZN17algebraic_hashing18hash_function_baseINS_9functions8fnv_hashINS_10hash_valueILm8EEEEES4_E19estimate_input_sizeImEEmRKT_
FN:199,207,_ZN17algebraic_hashing18hash_function_baseINS_9functions8fnv_hashINS_10hash_valueILm8EEEEES4_E19estimate_input_sizeIsEEmRKT_
FN:199,207,_ZN17algebraic_hashing18hash_function_baseINS_9functions8fnv_hashINS_10hash_valueILm8EEEEES4_E19estimate_input_sizeItEEmRKT_
FN:44,46,_ZNK17algebraic_hashing18hash_function_baseINS_9functions8fnv_hashINS_10hash_valueILm8EEEEES4_E10statistics15average_time_nsEv
FN:48,53,_ZNK17algebraic_hashing18hash_function_baseINS_9functions8fnv_hashINS_10hash_valueILm8EEEEES4_E10statistics15throughput_mbpsEv
FN:68,82,_ZNK17algebraic_hashing18hash_function_baseINS_9functions8fnv_hashINS_10hash_valueILm4EEEEES4_EclINSt7__cxx1112basic_stringIcSt11char_traitsIcESaIcEEEEES4_RKT_
FN:68,82,_ZNK17algebraic_hashing18hash_function_baseINS_9functions8fnv_hashINS_10hash_valueILm4EEEEES4_EclIdEES4_RKT_
FN:68,82,_ZNK17algebraic_hashing18hash_function_baseINS_9functions8fnv_hashINS_10hash_valueILm8EEEEES4_EclIA1_cEES4_RKT_
FN:68,82,_ZNK17algebraic_hashing18hash_function_baseINS_9functions8fnv_hashINS_10hash_valueILm8EEEEES4_EclIA6_cEES4_RKT_
FN:68,82,_ZNK17algebraic_hashing18hash_function_baseINS_9functions8fnv_hashINS_10hash_valueILm8EEEEES4_EclINSt7__cxx1112basic_stringIcSt11char_traitsIcESaIcEEEEES4_RKT_
FN:68,82,_ZNK17algebraic_hashing18hash_function_baseINS_9functions8fnv_hashINS_10hash_valueILm8EEEEES4_EclINSt7__cxx114listIiSaIiEEEEES4_RKT_
FN:68,82,_ZNK17algebraic_hashing18hash_function_baseINS_9functions8fnv_hashINS_10hash_valueILm8EEEEES4_EclIPiEES4_RKT_
FN:68,82,_ZNK17algebraic_hashing18hash_function_baseINS_9functions8fnv_hashINS_10hash_valueILm8EEEEES4_EclIS4_EES4_RKT_
FN:68,82,_ZNK17algebraic_hashing18hash_function_baseINS_9functions8fnv_hashINS_10hash_valueILm8EEEEES4_EclISt10shared_ptrINSt7__cxx1112basic_stringIcSt11char_traitsIcESaIcEEEEEES4_RKT_
FN:68,82,_ZNK17algebraic_hashing18hash_function_baseINS_9functions8fnv_hashINS_10hash_valueILm8EEEEES4_EclISt10shared_ptrIiEEES4_RKT_
FN:68,82,_ZNK17algebraic_hashing18hash_function_baseINS_9functions8fnv_hashINS_10hash_valueILm8EEEEES4_EclISt17basic_string_viewIcSt11char_traitsIcEEEES4_RKT_
FN:68,82,_ZNK17algebraic_hashing18hash_function_baseINS_9functions8fnv_hashINS_10hash_valueILm8EEEEES4_EclISt3mapIiNSt7__cxx1112basic_stringIcSt11char_traitsIcESaIcEEESt4lessIiESaISt4pairIKiSE_EEEEES4_RKT_
FN:68,82,_ZNK17algebraic_hashing18hash_function_baseINS_9functions8fnv_hashINS_10hash_valueILm8EEEEES4_EclISt3setIiSt4lessIiESaIiEEEES4_RKT_
FN:68,82,_ZNK17algebraic_hashing18hash_function_baseINS_9functions8fnv_hashINS_10hash_valueILm8EEEEES4_EclISt4pairIiNSt7__cxx1112basic_stringIcSt11char_traitsIcESaIcEEEEEES4_RKT_
FN:68,82,_ZNK17algebraic_hashing18hash_function_baseINS_9functions8fnv_hashINS_10hash_valueILm8EEEEES4_EclISt5arrayIiLm5EEEES4_RKT_
FN:68,82,_ZNK17algebraic_hashing18hash_function_baseINS_9functions8fnv_hashINS_10hash_valueILm8EEEEES4_EclISt5dequeIiSaIiEEEES4_RKT_
FN:68,82,_ZNK17algebraic_hashing18hash_function_baseINS_9functions8fnv_hashINS_10hash_valueILm8EEEEES4_EclISt5tupleIJidNSt7__cxx1112basic_stringIcSt11char_traitsIcESaIcEEEEEEES4_RKT_
FN:68,82,_ZNK17algebraic_hashing18hash_function_baseINS_9functions8fnv_hashINS_10hash_valueILm8EEEEES4_EclISt5tupleIJiiiEEEES4_RKT_
FN:68,82,_ZNK17algebraic_hashing18hash_function_baseINS_9functions8fnv_hashINS_10hash_valueILm8EEEEES4_EclISt6vectorIiSaIiEEEES4_RKT_
FN:68,82,_ZNK17algebraic_hashing18hash_function_baseINS_9functions8fnv_hashINS_10hash_valueILm8EEEEES4_EclISt7variantIJiNSt7__cxx1112basic_stringIcSt11char_traitsIcESaIcEEEEEEES4_RKT_
FN:68,82,_ZNK17algebraic_hashing18hash_function_baseINS_9functions8fnv_hashINS_10hash_valueILm8EEEEES4_EclISt8optionalIiEEES4_RKT_
FN:68,82,_ZNK17algebraic_hashing18hash_function_baseINS_9functions8fnv_hashINS_10hash_valueILm8EEEEES4_EclIaEES4_RKT_
FN:68,82,_ZNK17algebraic_hashing18hash_function_baseINS_9functions8fnv_hashINS_10hash_valueILm8EEEEES4_EclIdEES4_RKT_
FN:68,82,_ZNK17algebraic_hashing18hash_function_baseINS_9functions8fnv_hashINS_10hash_valueILm8EEEEES4_EclIeEES4_RKT_
FN:68,82,_ZNK17algebraic_hashing18hash_function_baseINS_9functions8fnv_hashINS_10hash_valueILm8EEEEES4_EclIfEES4_RKT_
FN:68,82,_ZNK17algebraic_hashing18hash_function_baseINS_9functions8fnv_hashINS_10hash_valueILm8EEEEES4_EclIhEES4_RKT_
FN:68,82,_ZNK17algebraic_hashing18hash_function_baseINS_9functions8fnv_hashINS_10hash_valueILm8EEEEES4_EclIiEES4_RKT_
FN:68,82,_ZNK17algebraic_hashing18hash_function_baseINS_9functions8fnv_hashINS_10hash_valueILm8EEEEES4_EclIjEES4_RKT_
FN:68,82,_ZNK17algebraic_hashing18hash_function_baseINS_9functions8fnv_hashINS_10hash_valueILm8EEEEES4_EclIlEES4_RKT_
FN:68,82,_ZNK17algebraic_hashing18hash_function_baseINS_9functions8fnv_hashINS_10hash_valueILm8EEEEES4_EclImEES4_RKT_
FN:68,82,_ZNK17algebraic_hashing18hash_function_baseINS_9functions8fnv_hashINS_10hash_valueILm8EEEEES4_EclIsEES4_RKT_
FN:68,82,_ZNK17algebraic_hashing18hash_function_baseINS_9functions8fnv_hashINS_10hash_valueILm8EEEEES4_EclItEES4_RKT_
FNDA:6,_ZNK17algebraic_hashing18hash_function_baseINS_9functions8fnv_hashINS_10hash_valueILm8EEEEES4_E7entropyEv
FNDA:3,_ZNK17algebraic_hashing18hash_function_baseINS_9functions8fnv_hashINS_10hash_valueILm8EEEEES4_E14get_statisticsEv
FNDA:3,_ZNK17algebraic_hashing18hash_function_baseINS_9functions8fnv_hashINS_10hash_valueILm8EEEEES4_E16reset_statisticsEv
FNDA:51,_ZN17algebraic_hashing18hash_function_baseINS_9functions8fnv_hashINS_10hash_valueILm4EEEEES4_E19estimate_input_sizeINSt7__cxx1112basic_stringIcSt11char_traitsIcESaIcEEEEEmRKT_
FNDA:54,_ZN17algebraic_hashing18hash_function_baseINS_9functions8fnv_hashINS_10hash_valueILm4EEEEES4_E19estimate_input_sizeIdEEmRKT_
FNDA:6,_ZN17algebraic_hashing18hash_function_baseINS_9functions8fnv_hashINS_10hash_valueILm8EEEEES4_E19estimate_input_sizeIA1_cEEmRKT_
FNDA:3,_ZN17algebraic_hashing18hash_function_baseINS_9functions8fnv_hashINS_10hash_valueILm8EEEEES4_E19estimate_input_sizeIA6_cEEmRKT_
FNDA:1296393,_ZN17algebraic_hashing18hash_function_baseINS_9functions8fnv_hashINS_10hash_valueILm8EEEEES4_E19estimate_input_sizeINSt7__cxx1112basic_stringIcSt11char_traitsIcESaIcEEEEEmRKT_
FNDA:3,_ZN17algebraic_hashing18hash_function_baseINS_9functions8fnv_hashINS_10hash_valueILm8EEEEES4_E19estimate_input_sizeINSt7__cxx114listIiSaIiEEEEEmRKT_
FNDA:3,_ZN17algebraic_hashing18hash_function_baseINS_9functions8fnv_hashINS_10hash_valueILm8EEEEES4_E19estimate_input_sizeIPiEEmRKT_
FNDA:414,_ZN17algebraic_hashing18hash_function_baseINS_9functions8fnv_hashINS_10hash_valueILm8EEEEES4_E19estimate_input_sizeIS4_EEmRKT_
FNDA:9,_ZN17algebraic_hashing18hash_function_baseINS_9functions8fnv_hashINS_10hash_valueILm8EEEEES4_E19estimate_input_sizeISt10shared_ptrINSt7__cxx1112basic_stringIcSt11char_traitsIcESaIcEEEEEEmRKT_
FNDA:3,_ZN17algebraic_hashing18hash_function_baseINS_9functions8fnv_hashINS_10hash_valueILm8EEEEES4_E19estimate_input_sizeISt10shared_ptrIiEEEmRKT_
FNDA:3,_ZN17algebraic_hashing18hash_function_baseINS_9functions8fnv_hashINS_10hash_valueILm8EEEEES4_E19estimate_input_sizeISt17basic_string_viewIcSt11char_traitsIcEEEEmRKT_
FNDA:3,_ZN17algebraic_hashing18hash_function_baseINS_9functions8fnv_hashINS_10hash_valueILm8EEEEES4_E19estimate_input_sizeISt3mapIiNSt7__cxx1112basic_stringIcSt11char_traitsIcESaIcEEESt4lessIiESaISt4pairIKiSE_EEEEEmRKT_
FNDA:3,_ZN17algebraic_hashing18hash_function_baseINS_9functions8fnv_hashINS_10hash_valueILm8EEEEES4_E19estimate_input_sizeISt3setIiSt4lessIiESaIiEEEEmRKT_
FNDA:3,_ZN17algebraic_hashing18hash_function_baseINS_9functions8fnv_hashINS_10hash_valueILm8EEEEES4_E19estimate_input_sizeISt4pairIiNSt7__cxx1112basic_stringIcSt11char_traitsIcESaIcEEEEEEmRKT_
FNDA:3,_ZN17algebraic_hashing18hash_function_baseINS_9functions8fnv_hashINS_10hash_valueILm8EEEEES4_E19estimate_input_sizeISt5arrayIiLm5EEEEmRKT_
FNDA:3,_ZN17algebraic_hashing18hash_function_baseINS_9functions8fnv_hashINS_10hash_valueILm8EEEEES4_E19estimate_input_sizeISt5dequeIiSaIiEEEEmRKT_
FNDA:3,_ZN17algebraic_hashing18hash_function_baseINS_9functions8fnv_hashINS_10hash_valueILm8EEEEES4_E19estimate_input_sizeISt5tupleIJidNSt7__cxx1112basic_stringIcSt11char_traitsIcESaIcEEEEEEEmRKT_
FNDA:6,_ZN17algebraic_hashing18hash_function_baseINS_9functions8fnv_hashINS_10hash_valueILm8EEEEES4_E19estimate_input_sizeISt5tupleIJiiiEEEEmRKT_
FNDA:3,_ZN17algebraic_hashing18hash_function_baseINS_9functions8fnv_hashINS_10hash_valueILm8EEEEES4_E19estimate_input_sizeISt6vectorIiSaIiEEEEmRKT_
FNDA:12,_ZN17algebraic_hashing18hash_function_baseINS_9functions8fnv_hashINS_10hash_valueILm8EEEEES4_E19estimate_input_sizeISt7variantIJiNSt7__cxx1112basic_stringIcSt11char_traitsIcESaIcEEEEEEEmRKT_
FNDA:12,_ZN17algebraic_hashing18hash_function_baseINS_9functions8fnv_hashINS_10hash_valueILm8EEEEES4_E19estimate_input_sizeISt8optionalIiEEEmRKT_
FNDA:3,_ZN17algebraic_hashing18hash_function_baseINS_9functions8fnv_hashINS_10hash_valueILm8EEEEES4_E19estimate_input_sizeIaEEmRKT_
FNDA:87,_ZN17algebraic_hashing18hash_function_baseINS_9functions8fnv_hashINS_10hash_valueILm8EEEEES4_E19estimate_input_sizeIdEEmRKT_
FNDA:3,_ZN17algebraic_hashing18hash_function_baseINS_9functions8fnv_hashINS_10hash_valueILm8EEEEES4_E19estimate_input_sizeIeEEmRKT_
FNDA:60,_ZN17algebraic_hashing18hash_function_baseINS_9functions8fnv_hashINS_10hash_valueILm8EEEEES4_E19estimate_input_sizeIfEEmRKT_
FNDA:3,_ZN17algebraic_hashing18hash_function_baseINS_9functions8fnv_hashINS_10hash_valueILm8EEEEES4_E19estimate_input_sizeIhEEmRKT_
FNDA:36,_ZN17algebraic_hashing18hash_function_baseINS_9functions8fnv_hashINS_10hash_valueILm8EEEEES4_E19estimate_input_sizeIiEEmRKT_
FNDA:3,_ZN17algebraic_hashing18hash_function_baseINS_9functions8fnv_hashINS_10hash_valueILm8EEEEES4_E19estimate_input_sizeIjEEmRKT_
FNDA:618,_ZN17algebraic_hashing18hash_function_baseINS_9functions8fnv_hashINS_10hash_valueILm8EEEEES4_E19estimate_input_sizeIlEEmRKT_
FNDA:3,_ZN17algebraic_hashing18hash_function_baseINS_9functions8fnv_hashINS_10hash_valueILm8EEEEES4_E19estimate_input_sizeImEEmRKT_
FNDA:3,_ZN17algebraic_hashing18hash_function_baseINS_9functions8fnv_hashINS_10hash_valueILm8EEEEES4_E19estimate_input_sizeIsEEmRKT_
FNDA:3,_ZN17algebraic_hashing18hash_function_baseINS_9functions8fnv_hashINS_10hash_valueILm8EEEEES4_E19estimate_input_sizeItEEmRKT_
FNDA:3,_ZNK17algebraic_hashing18hash_function_baseINS_9functions8fnv_hashINS_10hash_valueILm8EEEEES4_E10statistics15average_time_nsEv
FNDA:6,_ZNK17algebraic_hashing18hash_function_baseINS_9functions8fnv_hashINS_10hash_valueILm8EEEEES4_E10statistics15throughput_mbpsEv
FNDA:51,_ZNK17algebraic_hashing18hash_function_baseINS_9functions8fnv_hashINS_10hash_valueILm4EEEEES4_EclINSt7__cxx1112basic_stringIcSt11char_traitsIcESaIcEEEEES4_RKT_
FNDA:54,_ZNK17algebraic_hashing18hash_function_baseINS_9functions8fnv_hashINS_10hash_valueILm4EEEEES4_EclIdEES4_RKT_
FNDA:6,_ZNK17algebraic_hashing18hash_function_baseINS_9functions8fnv_hashINS_10hash_valueILm8EEEEES4_EclIA1_cEES4_RKT_
FNDA:3,_ZNK17algebraic_hashing18hash_function_baseINS_9functions8fnv_hashINS_10hash_valueILm8EEEEES4_EclIA6_cEES4_RKT_
FNDA:1296393,_ZNK17algebraic_hashing18hash_function_baseINS_9functions8fnv_hashINS_10hash_valueILm8EEEEES4_EclINSt7__cxx1112basic_stringIcSt11char_traitsIcESaIcEEEEES4_RKT_
FNDA:3,_ZNK17algebraic_hashing18hash_function_baseINS_9functions8fnv_hashINS_10hash_valueILm8EEEEES4_EclINSt7__cxx114listIiSaIiEEEEES4_RKT_
FNDA:3,_ZNK17algebraic_hashing18hash_function_baseINS_9functions8fnv_hashINS_10hash_valueILm8EEEEES4_EclIPiEES4_RKT_
FNDA:414,_ZNK17algebraic_hashing18hash_function_baseINS_9functions8fnv_hashINS_10hash_valueILm8EEEEES4_EclIS4_EES4_RKT_
FNDA:9,_ZNK17algebraic_hashing18hash_function_baseINS_9functions8fnv_hashINS_10hash_valueILm8EEEEES4_EclISt10shared_ptrINSt7__cxx1112basic_stringIcSt11char_traitsIcESaIcEEEEEES4_RKT_
FNDA:3,_ZNK17algebraic_hashing18hash_function_baseINS_9functions8fnv_hashINS_10hash_valueILm8EEEEES4_EclISt10shared_ptrIiEEES4_RKT_
FNDA:3,_ZNK17algebraic_hashing18hash_function_baseINS_9functions8fnv_hashINS_10hash_valueILm8EEEEES4_EclISt17basic_string_viewIcSt11char_traitsIcEEEES4_RKT_
FNDA:3,_ZNK17algebraic_hashing18hash_function_baseINS_9functions8fnv_hashINS_10hash_valueILm8EEEEES4_EclISt3mapIiNSt7__cxx1112basic_stringIcSt11char_traitsIcESaIcEEESt4lessIiESaISt4pairIKiSE_EEEEES4_RKT_
FNDA:3,_ZNK17algebraic_hashing18hash_function_baseINS_9functions8fnv_hashINS_10hash_valueILm8EEEEES4_EclISt3setIiSt4lessIiESaIiEEEES4_RKT_
FNDA:3,_ZNK17algebraic_hashing18hash_function_baseINS_9functions8fnv_hashINS_10hash_valueILm8EEEEES4_EclISt4pairIiNSt7__cxx1112basic_stringIcSt11char_traitsIcESaIcEEEEEES4_RKT_
FNDA:3,_ZNK17algebraic_hashing18hash_function_baseINS_9functions8fnv_hashINS_10hash_valueILm8EEEEES4_EclISt5arrayIiLm5EEEES4_RKT_
FNDA:3,_ZNK17algebraic_hashing18hash_function_baseINS_9functions8fnv_hashINS_10hash_valueILm8EEEEES4_EclISt5dequeIiSaIiEEEES4_RKT_
FNDA:3,_ZNK17algebraic_hashing18hash_function_baseINS_9functions8fnv_hashINS_10hash_valueILm8EEEEES4_EclISt5tupleIJidNSt7__cxx1112basic_stringIcSt11char_traitsIcESaIcEEEEEEES4_RKT_
FNDA:6,_ZNK17algebraic_hashing18hash_function_baseINS_9functions8fnv_hashINS_10hash_valueILm8EEEEES4_EclISt5tupleIJiiiEEEES4_RKT_
FNDA:3,_ZNK17algebraic_hashing18hash_function_baseINS_9functions8fnv_hashINS_10hash_valueILm8EEEEES4_EclISt6vectorIiSaIiEEEES4_RKT_
FNDA:12,_ZNK17algebraic_hashing18hash_function_baseINS_9functions8fnv_hashINS_10hash_valueILm8EEEEES4_EclISt7variantIJiNSt7__cxx1112basic_stringIcSt11char_traitsIcESaIcEEEEEEES4_RKT_
FNDA:12,_ZNK17algebraic_hashing18hash_function_baseINS_9functions8fnv_hashINS_10hash_valueILm8EEEEES4_EclISt8optionalIiEEES4_RKT_
FNDA:3,_ZNK17algebraic_hashing18hash_function_baseINS_9functions8fnv_hashINS_10hash_valueILm8EEEEES4_EclIaEES4_RKT_
FNDA:87,_ZNK17algebraic_hashing18hash_function_baseINS_9functions8fnv_hashINS_10hash_valueILm8EEEEES4_EclIdEES4_RKT_
FNDA:3,_ZNK17algebraic_hashing18hash_function_baseINS_9functions8fnv_hashINS_10hash_valueILm8EEEEES4_EclIeEES4_RKT_
FNDA:60,_ZNK17algebraic_hashing18hash_function_baseINS_9functions8fnv_hashINS_10hash_valueILm8EEEEES4_EclIfEES4_RKT_
FNDA:3,_ZNK17algebraic_hashing18hash_function_baseINS_9functions8fnv_hashINS_10hash_valueILm8EEEEES4_EclIhEES4_RKT_
FNDA:36,_ZNK17algebraic_hashing18hash_function_baseINS_9functions8fnv_hashINS_10hash_valueILm8EEEEES4_EclIiEES4_RKT_
FNDA:3,_ZNK17algebraic_hashing18hash_function_baseINS_9functions8fnv_hashINS_10hash_valueILm8EEEEES4_EclIjEES4_RKT_
FNDA:618,_ZNK17algebraic_hashing18hash_function_baseINS_9functions8fnv_hashINS_10hash_valueILm8EEEEES4_EclIlEES4_RKT_
FNDA:3,_ZNK17algebraic_hashing18hash_function_baseINS_9functions8fnv_hashINS_10hash_valueILm8EEEEES4_EclImEES4_RKT_
FNDA:3,_ZNK17algebraic_hashing18hash_function_baseINS_9functions8fnv_hashINS_10hash_valueILm8EEEEES4_EclIsEES4_RKT_
FNDA:3,_ZNK17algebraic_hashing18hash_function_baseINS_9functions8fnv_hashINS_10hash_valueILm8EEEEES4_EclItEES4_RKT_
FNF:69
FNH:69
DA:42,3
DA:44,3
DA:45,3
DA:48,6
DA:49,6
DA:50,6
DA:51,6
DA:52,6
DA:68,1297815
DA:69,1297815
DA:71,1297815
DA:73,1297815
DA:74,1297815
DA:77,1297815
DA:78,1297815
DA:79,1297815
DA:81,2595630
DA:101,6
DA:103,6
DA:135,3
DA:136,3
DA:142,3
DA:143,3
DA:144,3
DA:199,1297815
DA:201,876
DA:203,1296468
DA:205,474
LF:28
LH:28
end_of_record
TN:
SF:/home/spinoza/github/released/algebraic_hashing/include/algebraic_hashing/core/hash_value.hpp
FN:103,109,_ZNK17algebraic_hashing10hash_valueILm32EEcoEv
FN:103,109,_ZNK17algebraic_hashing10hash_valueILm8EEcoEv
FN:114,119,_ZN17algebraic_hashing10hash_valueILm8EEaNERKS1_
FN:121,123,_ZN17algebraic_hashinganENS_10hash_valueILm8EEERKS1_
FN:128,133,_ZN17algebraic_hashing10hash_valueILm8EEoRERKS1_
FN:135,137,_ZN17algebraic_hashingorENS_10hash_valueILm8EEERKS1_
FN:144,146,_ZN17algebraic_hashing10hash_valueILm8EE4zeroEv
FN:153,157,_ZN17algebraic_hashing10hash_valueILm16EE4onesEv
FN:153,157,_ZN17algebraic_hashing10hash_valueILm32EE4onesEv
FN:153,157,_ZN17algebraic_hashing10hash_valueILm8EE4onesEv
FN:162,164,_ZNK17algebraic_hashing10hash_valueILm16EE7is_zeroEv
FN:162,164,_ZNK17algebraic_hashing10hash_valueILm32EE7is_zeroEv
FN:162,164,_ZNK17algebraic_hashing10hash_valueILm8EE7is_zeroEv
FN:163,163,_ZZNK17algebraic_hashing10hash_valueILm16EE7is_zeroEvENKUlhE_clEh
FN:163,163,_ZZNK17algebraic_hashing10hash_valueILm32EE7is_zeroEvENKUlhE_clEh
FN:163,163,_ZZNK17algebraic_hashing10hash_valueILm8EE7is_zeroEvENKUlhE_clEh
FN:175,177,_ZN17algebraic_hashing10hash_valueILm16EEixEm
FN:175,177,_ZN17algebraic_hashing10hash_valueILm32EEixEm
FN:175,177,_ZN17algebraic_hashing10hash_valueILm4EEixEm
FN:175,177,_ZN17algebraic_hashing10hash_valueILm8EEixEm
FN:182,182,_ZNK17algebraic_hashing10hash_valueILm8EE4dataEv
FN:183,183,_ZN17algebraic_hashing10hash_valueILm4EE4dataEv
FN:183,183,_ZN17algebraic_hashing10hash_valueILm8EE4dataEv
FN:188,190,_ZNK17algebraic_hashing10hash_valueILm16EE5bytesEv
FN:188,190,_ZNK17algebraic_hashing10hash_valueILm32EE5bytesEv
FN:188,190,_ZNK17algebraic_hashing10hash_valueILm4EE5bytesEv
FN:188,190,_ZNK17algebraic_hashing10hash_valueILm8EE5bytesEv
FN:192,194,_ZN17algebraic_hashing10hash_valueILm12EE5bytesEv
FN:192,194,_ZN17algebraic_hashing10hash_valueILm16EE5bytesEv
FN:192,194,_ZN17algebraic_hashing10hash_valueILm4EE5bytesEv
FN:192,194,_ZN17algebraic_hashing10hash_valueILm8EE5bytesEv
FN:198,198,_ZNK17algebraic_hashing10hash_valueILm8EE5beginEv
FN:199,199,_ZNK17algebraic_hashing10hash_valueILm8EE3endEv
FN:210,221,_ZNK17algebraic_hashing10hash_valueILm16EE6to_hexB5cxx11Ev
FN:210,221,_ZNK17algebraic_hashing10hash_valueILm32EE6to_hexB5cxx11Ev
FN:210,221,_ZNK17algebraic_hashing10hash_valueILm8EE6to_hexB5cxx11Ev
FN:243,249,_ZNK17algebraic_hashing10hash_valueILm8EE8popcountEv
FN:254,254,_ZNK17algebraic_hashing10hash_valueILm12EEeqERKS1_
FN:254,254,_ZNK17algebraic_hashing10hash_valueILm16EEeqERKS1_
FN:254,254,_ZNK17algebraic_hashing10hash_valueILm32EEeqERKS1_
FN:254,254,_ZNK17algebraic_hashing10hash_valueILm4EEeqERKS1_
FN:254,254,_ZNK17algebraic_hashing10hash_valueILm8EEeqERKS1_
FN:266,277,_ZN17algebraic_hashing11concatenateILm4ELm4EEENS_10hash_valueIXplT_T0_EEERKNS1_IXT_EEERKNS1_IXT0_EEE
FN:266,277,_ZN17algebraic_hashing11concatenateILm8ELm4EEENS_10hash_valueIXplT_T0_EEERKNS1_IXT_EEERKNS1_IXT0_EEE
FN:286,292,_ZN17algebraic_hashing8truncateILm16ELm32EEENS_10hash_valueIXT_EEERKNS1_IXT0_EEE
FN:286,292,_ZN17algebraic_hashing8truncateILm4ELm8EEENS_10hash_valueIXT_EEERKNS1_IXT0_EEE
FN:286,292,_ZN17algebraic_hashing8truncateILm8ELm16EEENS_10hash_valueIXT_EEERKNS1_IXT0_EEE
FN:315,328,_ZNKSt4hashIN17algebraic_hashing10hash_valueILm8EEEEclERKS2_
FN:55,55,_ZN17algebraic_hashing10hash_valueILm16EEC2Ev
FN:55,55,_ZN17algebraic_hashing10hash_valueILm32EEC2Ev
FN:55,55,_ZN17algebraic_hashing10hash_valueILm8EEC2Ev
FN:84,89,_ZN17algebraic_hashing10hash_valueILm16EEeOERKS1_
FN:84,89,_ZN17algebraic_hashing10hash_valueILm8EEeOERKS1_
FN:94,96,_ZN17algebraic_hashingeoENS_10hash_valueILm16EEERKS1_
FN:94,96,_ZN17algebraic_hashingeoENS_10hash_valueILm8EEERKS1_
FNDA:6,_ZNK17algebraic_hashing10hash_valueILm32EEcoEv
FNDA:120,_ZNK17algebraic_hashing10hash_valueILm8EEcoEv
FNDA:21,_ZN17algebraic_hashing10hash_valueILm8EEaNERKS1_
FNDA:21,_ZN17algebraic_hashinganENS_10hash_valueILm8EEERKS1_
FNDA:9,_ZN17algebraic_hashing10hash_valueILm8EEoRERKS1_
FNDA:9,_ZN17algebraic_hashingorENS_10hash_valueILm8EEERKS1_
FNDA:12,_ZN17algebraic_hashing10hash_valueILm8EE4zeroEv
FNDA:3,_ZN17algebraic_hashing10hash_valueILm16EE4onesEv
FNDA:3,_ZN17algebraic_hashing10hash_valueILm32EE4onesEv
FNDA:18,_ZN17algebraic_hashing10hash_valueILm8EE4onesEv
FNDA:6,_ZNK17algebraic_hashing10hash_valueILm16EE7is_zeroEv
FNDA:6,_ZNK17algebraic_hashing10hash_valueILm32EE7is_zeroEv
FNDA:363,_ZNK17algebraic_hashing10hash_valueILm8EE7is_zeroEv
FNDA:51,_ZZNK17algebraic_hashing10hash_valueILm16EE7is_zeroEvENKUlhE_clEh
FNDA:99,_ZZNK17algebraic_hashing10hash_valueILm32EE7is_zeroEvENKUlhE_clEh
FNDA:1098,_ZZNK17algebraic_hashing10hash_valueILm8EE7is_zeroEvENKUlhE_clEh
FNDA:216,_ZN17algebraic_hashing10hash_valueILm16EEixEm
FNDA:384,_ZN17algebraic_hashing10hash_valueILm32EEixEm
FNDA:72,_ZN17algebraic_hashing10hash_valueILm4EEixEm
FNDA:3345,_ZN17algebraic_hashing10hash_valueILm8EEixEm
FNDA:57,_ZNK17algebraic_hashing10hash_valueILm8EE4dataEv
FNDA:105,_ZN17algebraic_hashing10hash_valueILm4EE4dataEv
FNDA:1297713,_ZN17algebraic_hashing10hash_valueILm8EE4dataEv
FNDA:3,_ZNK17algebraic_hashing10hash_valueILm16EE5bytesEv
FNDA:3,_ZNK17algebraic_hashing10hash_valueILm32EE5bytesEv
FNDA:69,_ZNK17algebraic_hashing10hash_valueILm4EE5bytesEv
FNDA:54,_ZNK17algebraic_hashing10hash_valueILm8EE5bytesEv
FNDA:51,_ZN17algebraic_hashing10hash_valueILm12EE5bytesEv
FNDA:3,_ZN17algebraic_hashing10hash_valueILm16EE5bytesEv
FNDA:3,_ZN17algebraic_hashing10hash_valueILm4EE5bytesEv
FNDA:12,_ZN17algebraic_hashing10hash_valueILm8EE5bytesEv
FNDA:828,_ZNK17algebraic_hashing10hash_valueILm8EE5beginEv
FNDA:414,_ZNK17algebraic_hashing10hash_valueILm8EE3endEv
FNDA:3,_ZNK17algebraic_hashing10hash_valueILm16EE6to_hexB5cxx11Ev
FNDA:3,_ZNK17algebraic_hashing10hash_valueILm32EE6to_hexB5cxx11Ev
FNDA:3,_ZNK17algebraic_hashing10hash_valueILm8EE6to_hexB5cxx11Ev
FNDA:207,_ZNK17algebraic_hashing10hash_valueILm8EE8popcountEv
FNDA:24,_ZNK17algebraic_hashing10hash_valueILm12EEeqERKS1_
FNDA:6,_ZNK17algebraic_hashing10hash_valueILm16EEeqERKS1_
FNDA:3,_ZNK17algebraic_hashing10hash_valueILm32EEeqERKS1_
FNDA:30,_ZNK17algebraic_hashing10hash_valueILm4EEeqERKS1_
FNDA:534,_ZNK17algebraic_hashing10hash_valueILm8EEeqERKS1_
FNDA:9,_ZN17algebraic_hashing11concatenateILm4ELm4EEENS_10hash_valueIXplT_T0_EEERKNS1_IXT_EEERKNS1_IXT0_EEE
FNDA:51,_ZN17algebraic_hashing11concatenateILm8ELm4EEENS_10hash_valueIXplT_T0_EEERKNS1_IXT_EEERKNS1_IXT0_EEE
FNDA:3,_ZN17algebraic_hashing8truncateILm16ELm32EEENS_10hash_valueIXT_EEERKNS1_IXT0_EEE
FNDA:3,_ZN17algebraic_hashing8truncateILm4ELm8EEENS_10hash_valueIXT_EEERKNS1_IXT0_EEE
FNDA:3,_ZN17algebraic_hashing8truncateILm8ELm16EEENS_10hash_valueIXT_EEERKNS1_IXT0_EEE
FNDA:57,_ZNKSt4hashIN17algebraic_hashing10hash_valueILm8EEEEclERKS2_
FNDA:12,_ZN17algebraic_hashing10hash_valueILm16EEC2Ev
FNDA:12,_ZN17algebraic_hashing10hash_valueILm32EEC2Ev
FNDA:24,_ZN17algebraic_hashing10hash_valueILm8EEC2Ev
FNDA:6,_ZN17algebraic_hashing10hash_valueILm16EEeOERKS1_
FNDA:600258,_ZN17algebraic_hashing10hash_valueILm8EEeOERKS1_
FNDA:6,_ZN17algebraic_hashingeoENS_10hash_valueILm16EEERKS1_
FNDA:600258,_ZN17algebraic_hashingeoENS_10hash_valueILm8EEERKS1_
FNF:55
FNH:55
DA:44,597
DA:55,48
DA:84,600264
DA:85,5402424
DA:86,4802160
DA:88,600264
DA:94,600264
DA:95,600264
DA:103,126
DA:104,126
DA:105,1278
DA:106,1152
DA:108,126
DA:114,21
DA:115,189
DA:116,168
DA:118,21
DA:121,21
DA:122,21
DA:128,9
DA:129,81
DA:130,72
DA:132,9
DA:135,9
DA:136,9
DA:144,12
DA:145,12
DA:153,24
DA:154,24
DA:155,24
DA:156,24
DA:162,375
DA:163,1623
DA:175,4017
DA:176,4017
DA:182,57
DA:183,1297818
DA:188,129
DA:189,129
DA:192,69
DA:193,69
DA:198,828
DA:199,414
DA:210,9
DA:211,9
DA:212,9
DA:214,177
DA:217,168
DA:218,168
DA:220,9
DA:221,0
DA:243,207
DA:244,207
DA:245,1863
DA:246,1656
DA:248,207
DA:254,1194
DA:266,60
DA:270,60
DA:271,60
DA:273,60
DA:274,60
DA:276,60
DA:286,9
DA:289,9
DA:290,9
DA:291,9
DA:315,57
DA:318,57
DA:319,57
DA:320,57
LF:71
LH:70
end_of_record
TN:
SF:/home/spinoza/github/released/algebraic_hashing/include/algebraic_hashing/dsl/algebraic_operations.hpp
FN:131,132,_ZN17algebraic_hashing3dsl22sequential_compositionINS0_15xor_compositionINS1_INS2_INS_9functions8fnv_hashINS_10hash_valueILm8EEEEES7_EES8_EENS2_INS0_20repeated_applicationINS0_17complemented_hashIS7_EELm2EEENSA_IS7_Lm3EEEEEEESC_EC2ESG_SC_
FN:131,132,_ZN17algebraic_hashing3dsl22sequential_compositionINS0_15xor_compositionINS_9functions8fnv_hashINS_10hash_valueILm8EEEEES7_EES8_EC2ES8_S8_
FN:131,132,_ZN17algebraic_hashing3dsl22sequential_compositionINS1_INS_9functions8fnv_hashINS_10hash_valueILm8EEEEES6_EES6_EC2ES7_S6_
FN:131,132,_ZN17algebraic_hashing3dsl22sequential_compositionINS_9functions8fnv_hashINS_10hash_valueILm8EEEEENS1_IS6_S6_EEEC2ES6_S7_
FN:131,132,_ZN17algebraic_hashing3dsl22sequential_compositionINS_9functions8fnv_hashINS_10hash_valueILm8EEEEES6_EC2ES6_S6_
FN:135,138,_ZNK17algebraic_hashing3dsl22sequential_compositionINS0_15xor_compositionINS1_INS2_INS_9functions8fnv_hashINS_10hash_valueILm8EEEEES7_EES8_EENS2_INS0_20repeated_applicationINS0_17complemented_hashIS7_EELm2EEENSA_IS7_Lm3EEEEEEESC_EclINSt7__cxx1112basic_stringIcSt11char_traitsIcESaIcEEEEES6_RKT_
FN:135,138,_ZNK17algebraic_hashing3dsl22sequential_compositionINS0_15xor_compositionINS_9functions8fnv_hashINS_10hash_valueILm8EEEEES7_EES8_EclIS6_EES6_RKT_
FN:135,138,_ZNK17algebraic_hashing3dsl22sequential_compositionINS1_INS_9functions8fnv_hashINS_10hash_valueILm8EEEEES6_EES6_EclINSt7__cxx1112basic_stringIcSt11char_traitsIcESaIcEEEEES5_RKT_
FN:135,138,_ZNK17algebraic_hashing3dsl22sequential_compositionINS_9functions8fnv_hashINS_10hash_valueILm8EEEEENS1_IS6_S6_EEEclINSt7__cxx1112basic_stringIcSt11char_traitsIcESaIcEEEEES5_RKT_
FN:135,138,_ZNK17algebraic_hashing3dsl22sequential_compositionINS_9functions8fnv_hashINS_10hash_valueILm8EEEEES6_EclINSt7__cxx1112basic_stringIcSt11char_traitsIcESaIcEEEEES5_RKT_
FN:135,138,_ZNK17algebraic_hashing3dsl22sequential_compositionINS_9functions8fnv_hashINS_10hash_valueILm8EEEEES6_EclIS5_EES5_RKT_
FN:170,170,_ZN17algebraic_hashing3dsl20repeated_applicationINS0_17complemented_hashINS_9functions8fnv_hashINS_10hash_valueILm8EEEEEEELm2EEC2ES8_
FN:170,170,_ZN17algebraic_hashing3dsl20repeated_applicationINS_9functions8fnv_hashINS_10hash_valueILm8EEEEELm1EEC2ES6_
FN:170,170,_ZN17algebraic_hashing3dsl20repeated_applicationINS_9functions8fnv_hashINS_10hash_valueILm8EEEEELm2EEC2ES6_
FN:170,170,_ZN17algebraic_hashing3dsl20repeated_applicationINS_9functions8fnv_hashINS_10hash_valueILm8EEEEELm3EEC2ES6_
FN:173,179,_ZNK17algebraic_hashing3dsl20repeated_applicationINS0_17complemented_hashINS_9functions8fnv_hashINS_10hash_valueILm8EEEEEEELm2EEclIS6_EES6_RKT_
FN:173,179,_ZNK17algebraic_hashing3dsl20repeated_applicationINS_9functions8fnv_hashINS_10hash_valueILm8EEEEELm1EEclINSt7__cxx1112basic_stringIcSt11char_traitsIcESaIcEEEEES5_RKT_
FN:173,179,_ZNK17algebraic_hashing3dsl20repeated_applicationINS_9functions8fnv_hashINS_10hash_valueILm8EEEEELm2EEclINSt7__cxx1112basic_stringIcSt11char_traitsIcESaIcEEEEES5_RKT_
FN:173,179,_ZNK17algebraic_hashing3dsl20repeated_applicationINS_9functions8fnv_hashINS_10hash_valueILm8EEEEELm3EEclINSt7__cxx1112basic_stringIcSt11char_traitsIcESaIcEEEEES5_RKT_
FN:173,179,_ZNK17algebraic_hashing3dsl20repeated_applicationINS_9functions8fnv_hashINS_10hash_valueILm8EEEEELm3EEclIS5_EES5_RKT_
FN:210,210,_ZN17algebraic_hashing3dsl17complemented_hashINS_9functions8fnv_hashINS_10hash_valueILm8EEEEEEC2ES6_
FN:213,215,_ZNK17algebraic_hashing3dsl17complemented_hashINS_9functions8fnv_hashINS_10hash_valueILm8EEEEEEclINSt7__cxx1112basic_stringIcSt11char_traitsIcESaIcEEEEES5_RKT_
FN:213,215,_ZNK17algebraic_hashing3dsl17complemented_hashINS_9functions8fnv_hashINS_10hash_valueILm8EEEEEEclIS5_EES5_RKT_
FN:231,233,_ZN17algebraic_hashing3dsleoINS0_15xor_compositionINS_9functions8fnv_hashINS_10hash_valueILm8EEEEES7_EERS7_EEDaOT_OT0_
FN:231,233,_ZN17algebraic_hashing3dsleoINS0_20repeated_applicationINS0_17complemented_hashINS_9functions8fnv_hashINS_10hash_valueILm8EEEEEEELm2EEENS2_IS8_Lm3EEEEEDaOT_OT0_
FN:231,233,_ZN17algebraic_hashing3dsleoIRNS0_20repeated_applicationINS_9functions8fnv_hashINS_10hash_valueILm8EEEEELm2EEERNS2_IS7_Lm3EEEEEDaOT_OT0_
FN:231,233,_ZN17algebraic_hashing3dsleoIRNS0_22sequential_compositionINS0_15xor_compositionINS_9functions8fnv_hashINS_10hash_valueILm8EEEEES8_EES9_EERNS3_INS0_20repeated_applicationINS0_17complemented_hashIS8_EELm2EEENSC_IS8_Lm3EEEEEEEDaOT_OT0_
FN:231,233,_ZN17algebraic_hashing3dsleoIRNS_9functions8fnv_hashINS_10hash_valueILm8EEEEENS0_15xor_compositionIS6_NS8_IS6_NS8_IS6_NS8_IS6_NS8_IS6_NS8_IS6_S6_EEEEEEEEEEEEEEDaOT_OT0_
FN:231,233,_ZN17algebraic_hashing3dsleoIRNS_9functions8fnv_hashINS_10hash_valueILm8EEEEENS0_15xor_compositionIS6_NS8_IS6_NS8_IS6_NS8_IS6_NS8_IS6_S6_EEEEEEEEEEEEDaOT_OT0_
FN:231,233,_ZN17algebraic_hashing3dsleoIRNS_9functions8fnv_hashINS_10hash_valueILm8EEEEENS0_15xor_compositionIS6_NS8_IS6_NS8_IS6_NS8_IS6_S6_EEEEEEEEEEDaOT_OT0_
FN:231,233,_ZN17algebraic_hashing3dsleoIRNS_9functions8fnv_hashINS_10hash_valueILm8EEEEENS0_15xor_compositionIS6_NS8_IS6_NS8_IS6_S6_EEEEEEEEDaOT_OT0_
FN:231,233,_ZN17algebraic_hashing3dsleoIRNS_9functions8fnv_hashINS_10hash_valueILm8EEEEENS0_15xor_compositionIS6_NS8_IS6_S6_EEEEEEDaOT_OT0_
FN:231,233,_ZN17algebraic_hashing3dsleoIRNS_9functions8fnv_hashINS_10hash_valueILm8EEEEENS0_15xor_compositionIS6_S6_EEEEDaOT_OT0_
FN:231,233,_ZN17algebraic_hashing3dsleoIRNS_9functions8fnv_hashINS_10hash_valueILm8EEEEES7_EEDaOT_OT0_
FN:242,244,_ZN17algebraic_hashing3dslmlINS0_15xor_compositionINS0_22sequential_compositionINS2_INS_9functions8fnv_hashINS_10hash_valueILm8EEEEES8_EES9_EENS2_INS0_20repeated_applicationINS0_17complemented_hashIS8_EELm2EEENSB_IS8_Lm3EEEEEEESD_EEDaOT_OT0_
FN:242,244,_ZN17algebraic_hashing3dslmlINS0_15xor_compositionINS_9functions8fnv_hashINS_10hash_valueILm8EEEEES7_EES8_EEDaOT_OT0_
FN:242,244,_ZN17algebraic_hashing3dslmlINS0_22sequential_compositionINS_9functions8fnv_hashINS_10hash_valueILm8EEEEES7_EERS7_EEDaOT_OT0_
FN:242,244,_ZN17algebraic_hashing3dslmlIRNS_9functions8fnv_hashINS_10hash_valueILm8EEEEENS0_22sequential_compositionIS6_S6_EEEEDaOT_OT0_
FN:242,244,_ZN17algebraic_hashing3dslmlIRNS_9functions8fnv_hashINS_10hash_valueILm8EEEEES7_EEDaOT_OT0_
FN:250,252,_ZN17algebraic_hashing3dslcoIRNS_9functions8fnv_hashINS_10hash_valueILm8EEEEEEEDaOT_
FN:260,262,_ZN17algebraic_hashing3dsl6repeatILm1ERNS_9functions8fnv_hashINS_10hash_valueILm8EEEEEEEDaOT0_
FN:260,262,_ZN17algebraic_hashing3dsl6repeatILm2ENS0_17complemented_hashINS_9functions8fnv_hashINS_10hash_valueILm8EEEEEEEEEDaOT0_
FN:260,262,_ZN17algebraic_hashing3dsl6repeatILm2ERNS_9functions8fnv_hashINS_10hash_valueILm8EEEEEEEDaOT0_
FN:260,262,_ZN17algebraic_hashing3dsl6repeatILm3ERNS_9functions8fnv_hashINS_10hash_valueILm8EEEEEEEDaOT0_
FN:274,280,_ZN17algebraic_hashing3dsl5chainIRNS_9functions8fnv_hashINS_10hash_valueILm8EEEEES7_JEEEDaOT_OT0_DpOT1_
FN:274,280,_ZN17algebraic_hashing3dsl5chainIRNS_9functions8fnv_hashINS_10hash_valueILm8EEEEES7_JS7_EEEDaOT_OT0_DpOT1_
FN:274,280,_ZN17algebraic_hashing3dsl5chainIRNS_9functions8fnv_hashINS_10hash_valueILm8EEEEES7_JS7_S7_EEEDaOT_OT0_DpOT1_
FN:274,280,_ZN17algebraic_hashing3dsl5chainIRNS_9functions8fnv_hashINS_10hash_valueILm8EEEEES7_JS7_S7_S7_EEEDaOT_OT0_DpOT1_
FN:274,280,_ZN17algebraic_hashing3dsl5chainIRNS_9functions8fnv_hashINS_10hash_valueILm8EEEEES7_JS7_S7_S7_S7_EEEDaOT_OT0_DpOT1_
FN:274,280,_ZN17algebraic_hashing3dsl5chainIRNS_9functions8fnv_hashINS_10hash_valueILm8EEEEES7_JS7_S7_S7_S7_S7_EEEDaOT_OT0_DpOT1_
FN:274,280,_ZN17algebraic_hashing3dsl5chainIRNS_9functions8fnv_hashINS_10hash_valueILm8EEEEES7_JS7_S7_S7_S7_S7_S7_EEEDaOT_OT0_DpOT1_
FN:296,297,_ZN17algebraic_hashing3dsl20parallel_compositionIJNS_9functions8fnv_hashINS_10hash_valueILm8EEEEENS3_INS4_ILm4EEEEEEEC2ES6_S8_
FN:300,302,_ZNK17algebraic_hashing3dsl20parallel_compositionIJNS_9functions8fnv_hashINS_10hash_valueILm8EEEEENS3_INS4_ILm4EEEEEEEclINSt7__cxx1112basic_stringIcSt11char_traitsIcESaIcEEEEENS4_ILm12EEERKT_
FN:306,308,_ZNK17algebraic_hashing3dsl20parallel_compositionIJNS_9functions8fnv_hashINS_10hash_valueILm8EEEEENS3_INS4_ILm4EEEEEEE9apply_allINSt7__cxx1112basic_stringIcSt11char_traitsIcESaIcEEEJLm0ELm1EEEENS4_ILm12EEERKT_St16integer_sequenceImJXspT0_EEE
FN:312,314,_ZN17algebraic_hashing3dsl8parallelIJRNS_9functions8fnv_hashINS_10hash_valueILm8EEEEERNS3_INS4_ILm4EEEEEEEEDaDpOT_
FN:325,330,_ZN17algebraic_hashing3dsl21collision_probabilityINS_9functions8fnv_hashINS_10hash_valueILm8EEEEEEEdRKT_m
FN:342,344,_ZNK17algebraic_hashing3dsl13hash_analysisINS_9functions8fnv_hashINS_10hash_valueILm8EEEEEE23expected_collisions_forEm
FN:347,350,_ZN17algebraic_hashing3dsl13hash_analysisINS_9functions8fnv_hashINS_10hash_valueILm8EEEEEE34collision_probability_from_entropyEdm
FN:354,361,_ZN17algebraic_hashing3dsl7analyzeINS_9functions8fnv_hashINS_10hash_valueILm8EEEEEEENS0_13hash_analysisIT_EERKS8_
FN:76,77,_ZN17algebraic_hashing3dsl15xor_compositionINS0_20repeated_applicationINS0_17complemented_hashINS_9functions8fnv_hashINS_10hash_valueILm8EEEEEEELm2EEENS2_IS8_Lm3EEEEC2ESA_SB_
FN:76,77,_ZN17algebraic_hashing3dsl15xor_compositionINS0_20repeated_applicationINS_9functions8fnv_hashINS_10hash_valueILm8EEEEELm2EEENS2_IS7_Lm3EEEEC2ES8_S9_
FN:76,77,_ZN17algebraic_hashing3dsl15xor_compositionINS0_22sequential_compositionINS1_INS_9functions8fnv_hashINS_10hash_valueILm8EEEEES7_EES8_EENS1_INS0_20repeated_applicationINS0_17complemented_hashIS7_EELm2EEENSA_IS7_Lm3EEEEEEC2ES9_SF_
FN:76,77,_ZN17algebraic_hashing3dsl15xor_compositionINS1_INS_9functions8fnv_hashINS_10hash_valueILm8EEEEES6_EES6_EC2ES7_S6_
FN:76,77,_ZN17algebraic_hashing3dsl15xor_compositionINS_9functions8fnv_hashINS_10hash_valueILm8EEEEENS1_IS6_NS1_IS6_NS1_IS6_NS1_IS6_NS1_IS6_NS1_IS6_S6_EEEEEEEEEEEEEC2ES6_SC_
FN:76,77,_ZN17algebraic_hashing3dsl15xor_compositionINS_9functions8fnv_hashINS_10hash_valueILm8EEEEENS1_IS6_NS1_IS6_NS1_IS6_NS1_IS6_NS1_IS6_S6_EEEEEEEEEEEC2ES6_SB_
FN:76,77,_ZN17algebraic_hashing3dsl15xor_compositionINS_9functions8fnv_hashINS_10hash_valueILm8EEEEENS1_IS6_NS1_IS6_NS1_IS6_NS1_IS6_S6_EEEEEEEEEC2ES6_SA_
FN:76,77,_ZN17algebraic_hashing3dsl15xor_compositionINS_9functions8fnv_hashINS_10hash_valueILm8EEEEENS1_IS6_NS1_IS6_NS1_IS6_S6_EEEEEEEC2ES6_S9_
FN:76,77,_ZN17algebraic_hashing3dsl15xor_compositionINS_9functions8fnv_hashINS_10hash_valueILm8EEEEENS1_IS6_NS1_IS6_S6_EEEEEC2ES6_S8_
FN:76,77,_ZN17algebraic_hashing3dsl15xor_compositionINS_9functions8fnv_hashINS_10hash_valueILm8EEEEENS1_IS6_S6_EEEC2ES6_S7_
FN:76,77,_ZN17algebraic_hashing3dsl15xor_compositionINS_9functions8fnv_hashINS_10hash_valueILm8EEEEES6_EC2ES6_S6_
FN:86,88,_ZNK17algebraic_hashing3dsl15xor_compositionINS0_20repeated_applicationINS0_17complemented_hashINS_9functions8fnv_hashINS_10hash_valueILm8EEEEEEELm2EEENS2_IS8_Lm3EEEEclIS7_EES7_RKT_
FN:86,88,_ZNK17algebraic_hashing3dsl15xor_compositionINS0_20repeated_applicationINS_9functions8fnv_hashINS_10hash_valueILm8EEEEELm2EEENS2_IS7_Lm3EEEEclINSt7__cxx1112basic_stringIcSt11char_traitsIcESaIcEEEEES6_RKT_
FN:86,88,_ZNK17algebraic_hashing3dsl15xor_compositionINS0_22sequential_compositionINS1_INS_9functions8fnv_hashINS_10hash_valueILm8EEEEES7_EES8_EENS1_INS0_20repeated_applicationINS0_17complemented_hashIS7_EELm2EEENSA_IS7_Lm3EEEEEEclIS6_EES6_RKT_
FN:86,88,_ZNK17algebraic_hashing3dsl15xor_compositionINS1_INS_9functions8fnv_hashINS_10hash_valueILm8EEEEES6_EES6_EclINSt7__cxx1112basic_stringIcSt11char_traitsIcESaIcEEEEES5_RKT_
FN:86,88,_ZNK17algebraic_hashing3dsl15xor_compositionINS_9functions8fnv_hashINS_10hash_valueILm8EEEEENS1_IS6_NS1_IS6_NS1_IS6_NS1_IS6_NS1_IS6_NS1_IS6_S6_EEEEEEEEEEEEEclINSt7__cxx1112basic_stringIcSt11char_traitsIcESaIcEEEEES5_RKT_
FN:86,88,_ZNK17algebraic_hashing3dsl15xor_compositionINS_9functions8fnv_hashINS_10hash_valueILm8EEEEENS1_IS6_NS1_IS6_NS1_IS6_NS1_IS6_NS1_IS6_S6_EEEEEEEEEEEclINSt7__cxx1112basic_stringIcSt11char_traitsIcESaIcEEEEES5_RKT_
FN:86,88,_ZNK17algebraic_hashing3dsl15xor_compositionINS_9functions8fnv_hashINS_10hash_valueILm8EEEEENS1_IS6_NS1_IS6_NS1_IS6_NS1_IS6_S6_EEEEEEEEEclINSt7__cxx1112basic_stringIcSt11char_traitsIcESaIcEEEEES5_RKT_
FN:86,88,_ZNK17algebraic_hashing3dsl15xor_compositionINS_9functions8fnv_hashINS_10hash_valueILm8EEEEENS1_IS6_NS1_IS6_NS1_IS6_S6_EEEEEEEclINSt7__cxx1112basic_stringIcSt11char_traitsIcESaIcEEEEES5_RKT_
FN:86,88,_ZNK17algebraic_hashing3dsl15xor_compositionINS_9functions8fnv_hashINS_10hash_valueILm8EEEEENS1_IS6_NS1_IS6_S6_EEEEEclINSt7__cxx1112basic_stringIcSt11char_traitsIcESaIcEEEEES5_RKT_
FN:86,88,_ZNK17algebraic_hashing3dsl15xor_compositionINS_9functions8fnv_hashINS_10hash_valueILm8EEEEENS1_IS6_S6_EEEclINSt7__cxx1112basic_stringIcSt11char_traitsIcESaIcEEEEES5_RKT_
FN:86,88,_ZNK17algebraic_hashing3dsl15xor_compositionINS_9functions8fnv_hashINS_10hash_valueILm8EEEEES6_EclINSt7__cxx1112basic_stringIcSt11char_traitsIcESaIcEEEEES5_RKT_
FN:86,88,_ZNK17algebraic_hashing3dsl15xor_compositionINS_9functions8fnv_hashINS_10hash_valueILm8EEEEES6_EclIS5_EES5_RKT_
FNDA:3,_ZN17algebraic_hashing3dsl22sequential_compositionINS0_15xor_compositionINS1_INS2_INS_9functions8fnv_hashINS_10hash_valueILm8EEEEES7_EES8_EENS2_INS0_20repeated_applicationINS0_17complemented_hashIS7_EELm2EEENSA_IS7_Lm3EEEEEEESC_EC2ESG_SC_
FNDA:3,_ZN17algebraic_hashing3dsl22sequential_compositionINS0_15xor_compositionINS_9functions8fnv_hashINS_10hash_valueILm8EEEEES7_EES8_EC2ES8_S8_
FNDA:3,_ZN17algebraic_hashing3dsl22sequential_compositionINS1_INS_9functions8fnv_hashINS_10hash_valueILm8EEEEES6_EES6_EC2ES7_S6_
FNDA:3,_ZN17algebraic_hashing3dsl22sequential_compositionINS_9functions8fnv_hashINS_10hash_valueILm8EEEEENS1_IS6_S6_EEEC2ES6_S7_
FNDA:12,_ZN17algebraic_hashing3dsl22sequential_compositionINS_9functions8fnv_hashINS_10hash_valueILm8EEEEES6_EC2ES6_S6_
FNDA:24,_ZNK17algebraic_hashing3dsl22sequential_compositionINS0_15xor_compositionINS1_INS2_INS_9functions8fnv_hashINS_10hash_valueILm8EEEEES7_EES8_EENS2_INS0_20repeated_applicationINS0_17complemented_hashIS7_EELm2EEENSA_IS7_Lm3EEEEEEESC_EclINSt7__cxx1112basic_stringIcSt11char_traitsIcESaIcEEEEES6_RKT_
FNDA:24,_ZNK17algebraic_hashing3dsl22sequential_compositionINS0_15xor_compositionINS_9functions8fnv_hashINS_10hash_valueILm8EEEEES7_EES8_EclIS6_EES6_RKT_
FNDA:3,_ZNK17algebraic_hashing3dsl22sequential_compositionINS1_INS_9functions8fnv_hashINS_10hash_valueILm8EEEEES6_EES6_EclINSt7__cxx1112basic_stringIcSt11char_traitsIcESaIcEEEEES5_RKT_
FNDA:3,_ZNK17algebraic_hashing3dsl22sequential_compositionINS_9functions8fnv_hashINS_10hash_valueILm8EEEEENS1_IS6_S6_EEEclINSt7__cxx1112basic_stringIcSt11char_traitsIcESaIcEEEEES5_RKT_
FNDA:9,_ZNK17algebraic_hashing3dsl22sequential_compositionINS_9functions8fnv_hashINS_10hash_valueILm8EEEEES6_EclINSt7__cxx1112basic_stringIcSt11char_traitsIcESaIcEEEEES5_RKT_
FNDA:3,_ZNK17algebraic_hashing3dsl22sequential_compositionINS_9functions8fnv_hashINS_10hash_valueILm8EEEEES6_EclIS5_EES5_RKT_
FNDA:3,_ZN17algebraic_hashing3dsl20repeated_applicationINS0_17complemented_hashINS_9functions8fnv_hashINS_10hash_valueILm8EEEEEEELm2EEC2ES8_
FNDA:3,_ZN17algebraic_hashing3dsl20repeated_applicationINS_9functions8fnv_hashINS_10hash_valueILm8EEEEELm1EEC2ES6_
FNDA:6,_ZN17algebraic_hashing3dsl20repeated_applicationINS_9functions8fnv_hashINS_10hash_valueILm8EEEEELm2EEC2ES6_
FNDA:12,_ZN17algebraic_hashing3dsl20repeated_applicationINS_9functions8fnv_hashINS_10hash_valueILm8EEEEELm3EEC2ES6_
FNDA:24,_ZNK17algebraic_hashing3dsl20repeated_applicationINS0_17complemented_hashINS_9functions8fnv_hashINS_10hash_valueILm8EEEEEEELm2EEclIS6_EES6_RKT_
FNDA:3,_ZNK17algebraic_hashing3dsl20repeated_applicationINS_9functions8fnv_hashINS_10hash_valueILm8EEEEELm1EEclINSt7__cxx1112basic_stringIcSt11char_traitsIcESaIcEEEEES5_RKT_
FNDA:9,_ZNK17algebraic_hashing3dsl20repeated_applicationINS_9functions8fnv_hashINS_10hash_valueILm8EEEEELm2EEclINSt7__cxx1112basic_stringIcSt11char_traitsIcESaIcEEEEES5_RKT_
FNDA:12,_ZNK17algebraic_hashing3dsl20repeated_applicationINS_9functions8fnv_hashINS_10hash_valueILm8EEEEELm3EEclINSt7__cxx1112basic_stringIcSt11char_traitsIcESaIcEEEEES5_RKT_
FNDA:24,_ZNK17algebraic_hashing3dsl20repeated_applicationINS_9functions8fnv_hashINS_10hash_valueILm8EEEEELm3EEclIS5_EES5_RKT_
FNDA:12,_ZN17algebraic_hashing3dsl17complemented_hashINS_9functions8fnv_hashINS_10hash_valueILm8EEEEEEC2ES6_
FNDA:33,_ZNK17algebraic_hashing3dsl17complemented_hashINS_9functions8fnv_hashINS_10hash_valueILm8EEEEEEclINSt7__cxx1112basic_stringIcSt11char_traitsIcESaIcEEEEES5_RKT_
FNDA:48,_ZNK17algebraic_hashing3dsl17complemented_hashINS_9functions8fnv_hashINS_10hash_valueILm8EEEEEEclIS5_EES5_RKT_
FNDA:6,_ZN17algebraic_hashing3dsleoINS0_15xor_compositionINS_9functions8fnv_hashINS_10hash_valueILm8EEEEES7_EERS7_EEDaOT_OT0_
FNDA:3,_ZN17algebraic_hashing3dsleoINS0_20repeated_applicationINS0_17complemented_hashINS_9functions8fnv_hashINS_10hash_valueILm8EEEEEEELm2EEENS2_IS8_Lm3EEEEEDaOT_OT0_
FNDA:3,_ZN17algebraic_hashing3dsleoIRNS0_20repeated_applicationINS_9functions8fnv_hashINS_10hash_valueILm8EEEEELm2EEERNS2_IS7_Lm3EEEEEDaOT_OT0_
FNDA:3,_ZN17algebraic_hashing3dsleoIRNS0_22sequential_compositionINS0_15xor_compositionINS_9functions8fnv_hashINS_10hash_valueILm8EEEEES8_EES9_EERNS3_INS0_20repeated_applicationINS0_17complemented_hashIS8_EELm2EEENSC_IS8_Lm3EEEEEEEDaOT_OT0_
FNDA:3,_ZN17algebraic_hashing3dsleoIRNS_9functions8fnv_hashINS_10hash_valueILm8EEEEENS0_15xor_compositionIS6_NS8_IS6_NS8_IS6_NS8_IS6_NS8_IS6_NS8_IS6_S6_EEEEEEEEEEEEEEDaOT_OT0_
FNDA:6,_ZN17algebraic_hashing3dsleoIRNS_9functions8fnv_hashINS_10hash_valueILm8EEEEENS0_15xor_compositionIS6_NS8_IS6_NS8_IS6_NS8_IS6_NS8_IS6_S6_EEEEEEEEEEEEDaOT_OT0_
FNDA:6,_ZN17algebraic_hashing3dsleoIRNS_9functions8fnv_hashINS_10hash_valueILm8EEEEENS0_15xor_compositionIS6_NS8_IS6_NS8_IS6_NS8_IS6_S6_EEEEEEEEEEDaOT_OT0_
FNDA:6,_ZN17algebraic_hashing3dsleoIRNS_9functions8fnv_hashINS_10hash_valueILm8EEEEENS0_15xor_compositionIS6_NS8_IS6_NS8_IS6_S6_EEEEEEEEDaOT_OT0_
FNDA:9,_ZN17algebraic_hashing3dsleoIRNS_9functions8fnv_hashINS_10hash_valueILm8EEEEENS0_15xor_compositionIS6_NS8_IS6_S6_EEEEEEDaOT_OT0_
FNDA:12,_ZN17algebraic_hashing3dsleoIRNS_9functions8fnv_hashINS_10hash_valueILm8EEEEENS0_15xor_compositionIS6_S6_EEEEDaOT_OT0_
FNDA:36,_ZN17algebraic_hashing3dsleoIRNS_9functions8fnv_hashINS_10hash_valueILm8EEEEES7_EEDaOT_OT0_
FNDA:3,_ZN17algebraic_hashing3dslmlINS0_15xor_compositionINS0_22sequential_compositionINS2_INS_9functions8fnv_hashINS_10hash_valueILm8EEEEES8_EES9_EENS2_INS0_20repeated_applicationINS0_17complemented_hashIS8_EELm2EEENSB_IS8_Lm3EEEEEEESD_EEDaOT_OT0_
FNDA:3,_ZN17algebraic_hashing3dslmlINS0_15xor_compositionINS_9functions8fnv_hashINS_10hash_valueILm8EEEEES7_EES8_EEDaOT_OT0_
FNDA:3,_ZN17algebraic_hashing3dslmlINS0_22sequential_compositionINS_9functions8fnv_hashINS_10hash_valueILm8EEEEES7_EERS7_EEDaOT_OT0_
FNDA:3,_ZN17algebraic_hashing3dslmlIRNS_9functions8fnv_hashINS_10hash_valueILm8EEEEENS0_22sequential_compositionIS6_S6_EEEEDaOT_OT0_
FNDA:12,_ZN17algebraic_hashing3dslmlIRNS_9functions8fnv_hashINS_10hash_valueILm8EEEEES7_EEDaOT_OT0_
FNDA:12,_ZN17algebraic_hashing3dslcoIRNS_9functions8fnv_hashINS_10hash_valueILm8EEEEEEEDaOT_
FNDA:3,_ZN17algebraic_hashing3dsl6repeatILm1ERNS_9functions8fnv_hashINS_10hash_valueILm8EEEEEEEDaOT0_
FNDA:3,_ZN17algebraic_hashing3dsl6repeatILm2ENS0_17complemented_hashINS_9functions8fnv_hashINS_10hash_valueILm8EEEEEEEEEDaOT0_
FNDA:6,_ZN17algebraic_hashing3dsl6repeatILm2ERNS_9functions8fnv_hashINS_10hash_valueILm8EEEEEEEDaOT0_
FNDA:12,_ZN17algebraic_hashing3dsl6repeatILm3ERNS_9functions8fnv_hashINS_10hash_valueILm8EEEEEEEDaOT0_
FNDA:9,_ZN17algebraic_hashing3dsl5chainIRNS_9functions8fnv_hashINS_10hash_valueILm8EEEEES7_JEEEDaOT_OT0_DpOT1_
FNDA:9,_ZN17algebraic_hashing3dsl5chainIRNS_9functions8fnv_hashINS_10hash_valueILm8EEEEES7_JS7_EEEDaOT_OT0_DpOT1_
FNDA:9,_ZN17algebraic_hashing3dsl5chainIRNS_9functions8fnv_hashINS_10hash_valueILm8EEEEES7_JS7_S7_EEEDaOT_OT0_DpOT1_
FNDA:6,_ZN17algebraic_hashing3dsl5chainIRNS_9functions8fnv_hashINS_10hash_valueILm8EEEEES7_JS7_S7_S7_EEEDaOT_OT0_DpOT1_
FNDA:6,_ZN17algebraic_hashing3dsl5chainIRNS_9functions8fnv_hashINS_10hash_valueILm8EEEEES7_JS7_S7_S7_S7_EEEDaOT_OT0_DpOT1_
FNDA:6,_ZN17algebraic_hashing3dsl5chainIRNS_9functions8fnv_hashINS_10hash_valueILm8EEEEES7_JS7_S7_S7_S7_S7_EEEDaOT_OT0_DpOT1_
FNDA:3,_ZN17algebraic_hashing3dsl5chainIRNS_9functions8fnv_hashINS_10hash_valueILm8EEEEES7_JS7_S7_S7_S7_S7_S7_EEEDaOT_OT0_DpOT1_
FNDA:3,_ZN17algebraic_hashing3dsl20parallel_compositionIJNS_9functions8fnv_hashINS_10hash_valueILm8EEEEENS3_INS4_ILm4EEEEEEEC2ES6_S8_
FNDA:24,_ZNK17algebraic_hashing3dsl20parallel_compositionIJNS_9functions8fnv_hashINS_10hash_valueILm8EEEEENS3_INS4_ILm4EEEEEEEclINSt7__cxx1112basic_stringIcSt11char_traitsIcESaIcEEEEENS4_ILm12EEERKT_
FNDA:24,_ZNK17algebraic_hashing3dsl20parallel_compositionIJNS_9functions8fnv_hashINS_10hash_valueILm8EEEEENS3_INS4_ILm4EEEEEEE9apply_allINSt7__cxx1112basic_stringIcSt11char_traitsIcESaIcEEEJLm0ELm1EEEENS4_ILm12EEERKT_St16integer_sequenceImJXspT0_EEE
FNDA:3,_ZN17algebraic_hashing3dsl8parallelIJRNS_9functions8fnv_hashINS_10hash_valueILm8EEEEERNS3_INS4_ILm4EEEEEEEEDaDpOT_
FNDA:3,_ZN17algebraic_hashing3dsl21collision_probabilityINS_9functions8fnv_hashINS_10hash_valueILm8EEEEEEEdRKT_m
FNDA:3,_ZNK17algebraic_hashing3dsl13hash_analysisINS_9functions8fnv_hashINS_10hash_valueILm8EEEEEE23expected_collisions_forEm
FNDA:3,_ZN17algebraic_hashing3dsl13hash_analysisINS_9functions8fnv_hashINS_10hash_valueILm8EEEEEE34collision_probability_from_entropyEdm
FNDA:3,_ZN17algebraic_hashing3dsl7analyzeINS_9functions8fnv_hashINS_10hash_valueILm8EEEEEEENS0_13hash_analysisIT_EERKS8_
FNDA:3,_ZN17algebraic_hashing3dsl15xor_compositionINS0_20repeated_applicationINS0_17complemented_hashINS_9functions8fnv_hashINS_10hash_valueILm8EEEEEEELm2EEENS2_IS8_Lm3EEEEC2ESA_SB_
FNDA:3,_ZN17algebraic_hashing3dsl15xor_compositionINS0_20repeated_applicationINS_9functions8fnv_hashINS_10hash_valueILm8EEEEELm2EEENS2_IS7_Lm3EEEEC2ES8_S9_
FNDA:3,_ZN17algebraic_hashing3dsl15xor_compositionINS0_22sequential_compositionINS1_INS_9functions8fnv_hashINS_10hash_valueILm8EEEEES7_EES8_EENS1_INS0_20repeated_applicationINS0_17complemented_hashIS7_EELm2EEENSA_IS7_Lm3EEEEEEC2ES9_SF_
FNDA:6,_ZN17algebraic_hashing3dsl15xor_compositionINS1_INS_9functions8fnv_hashINS_10hash_valueILm8EEEEES6_EES6_EC2ES7_S6_
FNDA:3,_ZN17algebraic_hashing3dsl15xor_compositionINS_9functions8fnv_hashINS_10hash_valueILm8EEEEENS1_IS6_NS1_IS6_NS1_IS6_NS1_IS6_NS1_IS6_NS1_IS6_S6_EEEEEEEEEEEEEC2ES6_SC_
FNDA:6,_ZN17algebraic_hashing3dsl15xor_compositionINS_9functions8fnv_hashINS_10hash_valueILm8EEEEENS1_IS6_NS1_IS6_NS1_IS6_NS1_IS6_NS1_IS6_S6_EEEEEEEEEEEC2ES6_SB_
FNDA:6,_ZN17algebraic_hashing3dsl15xor_compositionINS_9functions8fnv_hashINS_10hash_valueILm8EEEEENS1_IS6_NS1_IS6_NS1_IS6_NS1_IS6_S6_EEEEEEEEEC2ES6_SA_
FNDA:6,_ZN17algebraic_hashing3dsl15xor_compositionINS_9functions8fnv_hashINS_10hash_valueILm8EEEEENS1_IS6_NS1_IS6_NS1_IS6_S6_EEEEEEEC2ES6_S9_
FNDA:9,_ZN17algebraic_hashing3dsl15xor_compositionINS_9functions8fnv_hashINS_10hash_valueILm8EEEEENS1_IS6_NS1_IS6_S6_EEEEEC2ES6_S8_
FNDA:12,_ZN17algebraic_hashing3dsl15xor_compositionINS_9functions8fnv_hashINS_10hash_valueILm8EEEEENS1_IS6_S6_EEEC2ES6_S7_
FNDA:36,_ZN17algebraic_hashing3dsl15xor_compositionINS_9functions8fnv_hashINS_10hash_valueILm8EEEEES6_EC2ES6_S6_
FNDA:24,_ZNK17algebraic_hashing3dsl15xor_compositionINS0_20repeated_applicationINS0_17complemented_hashINS_9functions8fnv_hashINS_10hash_valueILm8EEEEEEELm2EEENS2_IS8_Lm3EEEEclIS7_EES7_RKT_
FNDA:3,_ZNK17algebraic_hashing3dsl15xor_compositionINS0_20repeated_applicationINS_9functions8fnv_hashINS_10hash_valueILm8EEEEELm2EEENS2_IS7_Lm3EEEEclINSt7__cxx1112basic_stringIcSt11char_traitsIcESaIcEEEEES6_RKT_
FNDA:24,_ZNK17algebraic_hashing3dsl15xor_compositionINS0_22sequential_compositionINS1_INS_9functions8fnv_hashINS_10hash_valueILm8EEEEES7_EES8_EENS1_INS0_20repeated_applicationINS0_17complemented_hashIS7_EELm2EEENSA_IS7_Lm3EEEEEEclIS6_EES6_RKT_
FNDA:300003,_ZNK17algebraic_hashing3dsl15xor_compositionINS1_INS_9functions8fnv_hashINS_10hash_valueILm8EEEEES6_EES6_EclINSt7__cxx1112basic_stringIcSt11char_traitsIcESaIcEEEEES5_RKT_
FNDA:3,_ZNK17algebraic_hashing3dsl15xor_compositionINS_9functions8fnv_hashINS_10hash_valueILm8EEEEENS1_IS6_NS1_IS6_NS1_IS6_NS1_IS6_NS1_IS6_NS1_IS6_S6_EEEEEEEEEEEEEclINSt7__cxx1112basic_stringIcSt11char_traitsIcESaIcEEEEES5_RKT_
FNDA:6,_ZNK17algebraic_hashing3dsl15xor_compositionINS_9functions8fnv_hashINS_10hash_valueILm8EEEEENS1_IS6_NS1_IS6_NS1_IS6_NS1_IS6_NS1_IS6_S6_EEEEEEEEEEEclINSt7__cxx1112basic_stringIcSt11char_traitsIcESaIcEEEEES5_RKT_
FNDA:6,_ZNK17algebraic_hashing3dsl15xor_compositionINS_9functions8fnv_hashINS_10hash_valueILm8EEEEENS1_IS6_NS1_IS6_NS1_IS6_NS1_IS6_S6_EEEEEEEEEclINSt7__cxx1112basic_stringIcSt11char_traitsIcESaIcEEEEES5_RKT_
FNDA:6,_ZNK17algebraic_hashing3dsl15xor_compositionINS_9functions8fnv_hashINS_10hash_valueILm8EEEEENS1_IS6_NS1_IS6_NS1_IS6_S6_EEEEEEEclINSt7__cxx1112basic_stringIcSt11char_traitsIcESaIcEEEEES5_RKT_
FNDA:9,_ZNK17algebraic_hashing3dsl15xor_compositionINS_9functions8fnv_hashINS_10hash_valueILm8EEEEENS1_IS6_NS1_IS6_S6_EEEEEclINSt7__cxx1112basic_stringIcSt11char_traitsIcESaIcEEEEES5_RKT_
FNDA:12,_ZNK17algebraic_hashing3dsl15xor_compositionINS_9functions8fnv_hashINS_10hash_valueILm8EEEEENS1_IS6_S6_EEEclINSt7__cxx1112basic_stringIcSt11char_traitsIcESaIcEEEEES5_RKT_
FNDA:300027,_ZNK17algebraic_hashing3dsl15xor_compositionINS_9functions8fnv_hashINS_10hash_valueILm8EEEEES6_EclINSt7__cxx1112basic_stringIcSt11char_traitsIcESaIcEEEEES5_RKT_
FNDA:48,_ZNK17algebraic_hashing3dsl15xor_compositionINS_9functions8fnv_hashINS_10hash_valueILm8EEEEES6_EclIS5_EES5_RKT_
FNF:82
FNH:82
DA:76,93
DA:77,93
DA:86,600171
DA:87,600171
DA:131,24
DA:132,24
DA:135,66
DA:136,66
DA:137,132
DA:170,24
DA:173,72
DA:174,72
DA:175,177
DA:176,105
DA:178,72
DA:210,12
DA:213,81
DA:214,81
DA:231,93
DA:232,93
DA:242,24
DA:243,24
DA:250,12
DA:251,12
DA:260,24
DA:261,24
DA:274,48
DA:276,9
DA:278,39
DA:296,3
DA:297,3
DA:300,24
DA:301,24
DA:306,24
DA:307,24
DA:312,3
DA:313,3
DA:325,3
DA:327,3
DA:328,3
DA:329,3
DA:342,3
DA:343,3
DA:347,3
DA:348,3
DA:349,3
DA:354,3
DA:357,3
DA:359,3
DA:360,6
DA:361,12
LF:51
LH:51
end_of_record
TN:
SF:/home/spinoza/github/released/algebraic_hashing/include/algebraic_hashing/functions/fnv_hash_modern.hpp
FN:109,111,_ZNK17algebraic_hashing9functions8fnv_hashINS_10hash_valueILm8EEEE12entropy_implEv
FN:118,131,_ZNK17algebraic_hashing9functions8fnv_hashINS_10hash_valueILm8EEEE13hash_dispatchIA1_cEES3_RKT_NS4_13hash_size_tagIS3_EE
FN:118,131,_ZNK17algebraic_hashing9functions8fnv_hashINS_10hash_valueILm8EEEE13hash_dispatchIA6_cEES3_RKT_NS4_13hash_size_tagIS3_EE
FN:118,131,_ZNK17algebraic_hashing9functions8fnv_hashINS_10hash_valueILm8EEEE13hash_dispatchINSt7__cxx1112basic_stringIcSt11char_traitsIcESaIcEEEEES3_RKT_NS4_13hash_size_tagIS3_EE
FN:118,131,_ZNK17algebraic_hashing9functions8fnv_hashINS_10hash_valueILm8EEEE13hash_dispatchINSt7__cxx114listIiSaIiEEEEES3_RKT_NS4_13hash_size_tagIS3_EE
FN:118,131,_ZNK17algebraic_hashing9functions8fnv_hashINS_10hash_valueILm8EEEE13hash_dispatchIPiEES3_RKT_NS4_13hash_size_tagIS3_EE
FN:118,131,_ZNK17algebraic_hashing9functions8fnv_hashINS_10hash_valueILm8EEEE13hash_dispatchIS3_EES3_RKT_NS4_13hash_size_tagIS3_EE
FN:118,131,_ZNK17algebraic_hashing9functions8fnv_hashINS_10hash_valueILm8EEEE13hash_dispatchISt10shared_ptrINSt7__cxx1112basic_stringIcSt11char_traitsIcESaIcEEEEEES3_RKT_NS4_13hash_size_tagIS3_EE
FN:118,131,_ZNK17algebraic_hashing9functions8fnv_hashINS_10hash_valueILm8EEEE13hash_dispatchISt10shared_ptrIiEEES3_RKT_NS4_13hash_size_tagIS3_EE
FN:118,131,_ZNK17algebraic_hashing9functions8fnv_hashINS_10hash_valueILm8EEEE13hash_dispatchISt17basic_string_viewIcSt11char_traitsIcEEEES3_RKT_NS4_13hash_size_tagIS3_EE
FN:118,131,_ZNK17algebraic_hashing9functions8fnv_hashINS_10hash_valueILm8EEEE13hash_dispatchISt3mapIiNSt7__cxx1112basic_stringIcSt11char_traitsIcESaIcEEESt4lessIiESaISt4pairIKiSC_EEEEES3_RKT_NS4_13hash_size_tagIS3_EE
FN:118,131,_ZNK17algebraic_hashing9functions8fnv_hashINS_10hash_valueILm8EEEE13hash_dispatchISt3setIiSt4lessIiESaIiEEEES3_RKT_NS4_13hash_size_tagIS3_EE
FN:118,131,_ZNK17algebraic_hashing9functions8fnv_hashINS_10hash_valueILm8EEEE13hash_dispatchISt4pairIiNSt7__cxx1112basic_stringIcSt11char_traitsIcESaIcEEEEEES3_RKT_NS4_13hash_size_tagIS3_EE
FN:118,131,_ZNK17algebraic_hashing9functions8fnv_hashINS_10hash_valueILm8EEEE13hash_dispatchISt5arrayIiLm5EEEES3_RKT_NS4_13hash_size_tagIS3_EE
FN:118,131,_ZNK17algebraic_hashing9functions8fnv_hashINS_10hash_valueILm8EEEE13hash_dispatchISt5dequeIiSaIiEEEES3_RKT_NS4_13hash_size_tagIS3_EE
FN:118,131,_ZNK17algebraic_hashing9functions8fnv_hashINS_10hash_valueILm8EEEE13hash_dispatchISt5tupleIJidNSt7__cxx1112basic_stringIcSt11char_traitsIcESaIcEEEEEEES3_RKT_NS4_13hash_size_tagIS3_EE
FN:118,131,_ZNK17algebraic_hashing9functions8fnv_hashINS_10hash_valueILm8EEEE13hash_dispatchISt5tupleIJiiiEEEES3_RKT_NS4_13hash_size_tagIS3_EE
FN:118,131,_ZNK17algebraic_hashing9functions8fnv_hashINS_10hash_valueILm8EEEE13hash_dispatchISt6vectorIiSaIiEEEES3_RKT_NS4_13hash_size_tagIS3_EE
FN:118,131,_ZNK17algebraic_hashing9functions8fnv_hashINS_10hash_valueILm8EEEE13hash_dispatchISt7variantIJiNSt7__cxx1112basic_stringIcSt11char_traitsIcESaIcEEEEEEES3_RKT_NS4_13hash_size_tagIS3_EE
FN:118,131,_ZNK17algebraic_hashing9functions8fnv_hashINS_10hash_valueILm8EEEE13hash_dispatchISt8optionalIiEEES3_RKT_NS4_13hash_size_tagIS3_EE
FN:118,131,_ZNK17algebraic_hashing9functions8fnv_hashINS_10hash_valueILm8EEEE13hash_dispatchIaEES3_RKT_NS4_13hash_size_tagIS3_EE
FN:118,131,_ZNK17algebraic_hashing9functions8fnv_hashINS_10hash_valueILm8EEEE13hash_dispatchIdEES3_RKT_NS4_13hash_size_tagIS3_EE
FN:118,131,_ZNK17algebraic_hashing9functions8fnv_hashINS_10hash_valueILm8EEEE13hash_dispatchIeEES3_RKT_NS4_13hash_size_tagIS3_EE
FN:118,131,_ZNK17algebraic_hashing9functions8fnv_hashINS_10hash_valueILm8EEEE13hash_dispatchIfEES3_RKT_NS4_13hash_size_tagIS3_EE
FN:118,131,_ZNK17algebraic_hashing9functions8fnv_hashINS_10hash_valueILm8EEEE13hash_dispatchIhEES3_RKT_NS4_13hash_size_tagIS3_EE
FN:118,131,_ZNK17algebraic_hashing9functions8fnv_hashINS_10hash_valueILm8EEEE13hash_dispatchIiEES3_RKT_NS4_13hash_size_tagIS3_EE
FN:118,131,_ZNK17algebraic_hashing9functions8fnv_hashINS_10hash_valueILm8EEEE13hash_dispatchIjEES3_RKT_NS4_13hash_size_tagIS3_EE
FN:118,131,_ZNK17algebraic_hashing9functions8fnv_hashINS_10hash_valueILm8EEEE13hash_dispatchIlEES3_RKT_NS4_13hash_size_tagIS3_EE
FN:118,131,_ZNK17algebraic_hashing9functions8fnv_hashINS_10hash_valueILm8EEEE13hash_dispatchImEES3_RKT_NS4_13hash_size_tagIS3_EE
FN:118,131,_ZNK17algebraic_hashing9functions8fnv_hashINS_10hash_valueILm8EEEE13hash_dispatchIsEES3_RKT_NS4_13hash_size_tagIS3_EE
FN:118,131,_ZNK17algebraic_hashing9functions8fnv_hashINS_10hash_valueILm8EEEE13hash_dispatchItEES3_RKT_NS4_13hash_size_tagIS3_EE
FN:135,148,_ZNK17algebraic_hashing9functions8fnv_hashINS_10hash_valueILm4EEEE13hash_dispatchINSt7__cxx1112basic_stringIcSt11char_traitsIcESaIcEEEEES3_RKT_NS4_13hash_size_tagIS3_EE
FN:135,148,_ZNK17algebraic_hashing9functions8fnv_hashINS_10hash_valueILm4EEEE13hash_dispatchIdEES3_RKT_NS4_13hash_size_tagIS3_EE
FN:173,203,_ZNK17algebraic_hashing9functions8fnv_hashINS_10hash_valueILm4EEEE23get_byte_representationINSt7__cxx1112basic_stringIcSt11char_traitsIcESaIcEEEEEDaRKT_
FN:173,203,_ZNK17algebraic_hashing9functions8fnv_hashINS_10hash_valueILm4EEEE23get_byte_representationIdEEDaRKT_
FN:173,203,_ZNK17algebraic_hashing9functions8fnv_hashINS_10hash_valueILm8EEEE23get_byte_representationIA1_cEEDaRKT_
FN:173,203,_ZNK17algebraic_hashing9functions8fnv_hashINS_10hash_valueILm8EEEE23get_byte_representationIA6_cEEDaRKT_
FN:173,203,_ZNK17algebraic_hashing9functions8fnv_hashINS_10hash_valueILm8EEEE23get_byte_representationINSt7__cxx1112basic_stringIcSt11char_traitsIcESaIcEEEEEDaRKT_
FN:173,203,_ZNK17algebraic_hashing9functions8fnv_hashINS_10hash_valueILm8EEEE23get_byte_representationINSt7__cxx114listIiSaIiEEEEEDaRKT_
FN:173,203,_ZNK17algebraic_hashing9functions8fnv_hashINS_10hash_valueILm8EEEE23get_byte_representationIPiEEDaRKT_
FN:173,203,_ZNK17algebraic_hashing9functions8fnv_hashINS_10hash_valueILm8EEEE23get_byte_representationIS3_EEDaRKT_
FN:173,203,_ZNK17algebraic_hashing9functions8fnv_hashINS_10hash_valueILm8EEEE23get_byte_representationISt10shared_ptrINSt7__cxx1112basic_stringIcSt11char_traitsIcESaIcEEEEEEDaRKT_
FN:173,203,_ZNK17algebraic_hashing9functions8fnv_hashINS_10hash_valueILm8EEEE23get_byte_representationISt10shared_ptrIiEEEDaRKT_
FN:173,203,_ZNK17algebraic_hashing9functions8fnv_hashINS_10hash_valueILm8EEEE23get_byte_representationISt17basic_string_viewIcSt11char_traitsIcEEEEDaRKT_
FN:173,203,_ZNK17algebraic_hashing9functions8fnv_hashINS_10hash_valueILm8EEEE23get_byte_representationISt3mapIiNSt7__cxx1112basic_stringIcSt11char_traitsIcESaIcEEESt4lessIiESaISt4pairIKiSC_EEEEEDaRKT_
FN:173,203,_ZNK17algebraic_hashing9functions8fnv_hashINS_10hash_valueILm8EEEE23get_byte_representationISt3setIiSt4lessIiESaIiEEEEDaRKT_
FN:173,203,_ZNK17algebraic_hashing9functions8fnv_hashINS_10hash_valueILm8EEEE23get_byte_representationISt4pairIiNSt7__cxx1112basic_stringIcSt11char_traitsIcESaIcEEEEEEDaRKT_
FN:173,203,_ZNK17algebraic_hashing9functions8fnv_hashINS_10hash_valueILm8EEEE23get_byte_representationISt5arrayIiLm5EEEEDaRKT_
FN:173,203,_ZNK17algebraic_hashing9functions8fnv_hashINS_10hash_valueILm8EEEE23get_byte_representationISt5dequeIiSaIiEEEEDaRKT_
FN:173,203,_ZNK17algebraic_hashing9functions8fnv_hashINS_10hash_valueILm8EEEE23get_byte_representationISt5tupleIJidNSt7__cxx1112basic_stringIcSt11char_traitsIcESaIcEEEEEEEDaRKT_
FN:173,203,_ZNK17algebraic_hashing9functions8fnv_hashINS_10hash_valueILm8EEEE23get_byte_representationISt5tupleIJiiiEEEEDaRKT_
FN:173,203,_ZNK17algebraic_hashing9functions8fnv_hashINS_10hash_valueILm8EEEE23get_byte_representationISt6vectorIiSaIiEEEEDaRKT_
FN:173,203,_ZNK17algebraic_hashing9functions8fnv_hashINS_10hash_valueILm8EEEE23get_byte_representationISt7variantIJiNSt7__cxx1112basic_stringIcSt11char_traitsIcESaIcEEEEEEEDaRKT_
FN:173,203,_ZNK17algebraic_hashing9functions8fnv_hashINS_10hash_valueILm8EEEE23get_byte_representationISt8optionalIiEEEDaRKT_
FN:173,203,_ZNK17algebraic_hashing9functions8fnv_hashINS_10hash_valueILm8EEEE23get_byte_representationIaEEDaRKT_
FN:173,203,_ZNK17algebraic_hashing9functions8fnv_hashINS_10hash_valueILm8EEEE23get_byte_representationIdEEDaRKT_
FN:173,203,_ZNK17algebraic_hashing9functions8fnv_hashINS_10hash_valueILm8EEEE23get_byte_representationIeEEDaRKT_
FN:173,203,_ZNK17algebraic_hashing9functions8fnv_hashINS_10hash_valueILm8EEEE23get_byte_representationIfEEDaRKT_
FN:173,203,_ZNK17algebraic_hashing9functions8fnv_hashINS_10hash_valueILm8EEEE23get_byte_representationIhEEDaRKT_
FN:173,203,_ZNK17algebraic_hashing9functions8fnv_hashINS_10hash_valueILm8EEEE23get_byte_representationIiEEDaRKT_
FN:173,203,_ZNK17algebraic_hashing9functions8fnv_hashINS_10hash_valueILm8EEEE23get_byte_representationIjEEDaRKT_
FN:173,203,_ZNK17algebraic_hashing9functions8fnv_hashINS_10hash_valueILm8EEEE23get_byte_representationIlEEDaRKT_
FN:173,203,_ZNK17algebraic_hashing9functions8fnv_hashINS_10hash_valueILm8EEEE23get_byte_representationImEEDaRKT_
FN:173,203,_ZNK17algebraic_hashing9functions8fnv_hashINS_10hash_valueILm8EEEE23get_byte_representationIsEEDaRKT_
FN:173,203,_ZNK17algebraic_hashing9functions8fnv_hashINS_10hash_valueILm8EEEE23get_byte_representationItEEDaRKT_
FN:206,215,_ZNK17algebraic_hashing9functions8fnv_hashINS_10hash_valueILm4EEEE20get_arithmetic_bytesImEEDaT_
FN:206,215,_ZNK17algebraic_hashing9functions8fnv_hashINS_10hash_valueILm8EEEE20get_arithmetic_bytesIaEEDaT_
FN:206,215,_ZNK17algebraic_hashing9functions8fnv_hashINS_10hash_valueILm8EEEE20get_arithmetic_bytesIhEEDaT_
FN:206,215,_ZNK17algebraic_hashing9functions8fnv_hashINS_10hash_valueILm8EEEE20get_arithmetic_bytesIiEEDaT_
FN:206,215,_ZNK17algebraic_hashing9functions8fnv_hashINS_10hash_valueILm8EEEE20get_arithmetic_bytesIjEEDaT_
FN:206,215,_ZNK17algebraic_hashing9functions8fnv_hashINS_10hash_valueILm8EEEE20get_arithmetic_bytesIlEEDaT_
FN:206,215,_ZNK17algebraic_hashing9functions8fnv_hashINS_10hash_valueILm8EEEE20get_arithmetic_bytesImEEDaT_
FN:206,215,_ZNK17algebraic_hashing9functions8fnv_hashINS_10hash_valueILm8EEEE20get_arithmetic_bytesIsEEDaT_
FN:206,215,_ZNK17algebraic_hashing9functions8fnv_hashINS_10hash_valueILm8EEEE20get_arithmetic_bytesItEEDaT_
FN:218,232,_ZNK17algebraic_hashing9functions8fnv_hashINS_10hash_valueILm4EEEE20get_arithmetic_bytesIdEEDaT_
FN:218,232,_ZNK17algebraic_hashing9functions8fnv_hashINS_10hash_valueILm8EEEE20get_arithmetic_bytesIdEEDaT_
FN:218,232,_ZNK17algebraic_hashing9functions8fnv_hashINS_10hash_valueILm8EEEE20get_arithmetic_bytesIeEEDaT_
FN:218,232,_ZNK17algebraic_hashing9functions8fnv_hashINS_10hash_valueILm8EEEE20get_arithmetic_bytesIfEEDaT_
FN:235,252,_ZNK17algebraic_hashing9functions8fnv_hashINS_10hash_valueILm8EEEE19get_container_bytesIS3_EEDaRKT_
FN:235,252,_ZNK17algebraic_hashing9functions8fnv_hashINS_10hash_valueILm8EEEE19get_container_bytesISt5arrayIiLm5EEEEDaRKT_
FN:235,252,_ZNK17algebraic_hashing9functions8fnv_hashINS_10hash_valueILm8EEEE19get_container_bytesISt6vectorIiSaIiEEEEDaRKT_
FN:255,262,_ZNK17algebraic_hashing9functions8fnv_hashINS_10hash_valueILm8EEEE15get_tuple_bytesINSt7__cxx114listIiSaIiEEEEEDaRKT_
FN:255,262,_ZNK17algebraic_hashing9functions8fnv_hashINS_10hash_valueILm8EEEE15get_tuple_bytesIPiEEDaRKT_
FN:255,262,_ZNK17algebraic_hashing9functions8fnv_hashINS_10hash_valueILm8EEEE15get_tuple_bytesISt10shared_ptrINSt7__cxx1112basic_stringIcSt11char_traitsIcESaIcEEEEEEDaRKT_
FN:255,262,_ZNK17algebraic_hashing9functions8fnv_hashINS_10hash_valueILm8EEEE15get_tuple_bytesISt10shared_ptrIiEEEDaRKT_
FN:255,262,_ZNK17algebraic_hashing9functions8fnv_hashINS_10hash_valueILm8EEEE15get_tuple_bytesISt3mapIiNSt7__cxx1112basic_stringIcSt11char_traitsIcESaIcEEESt4lessIiESaISt4pairIKiSC_EEEEEDaRKT_
FN:255,262,_ZNK17algebraic_hashing9functions8fnv_hashINS_10hash_valueILm8EEEE15get_tuple_bytesISt3setIiSt4lessIiESaIiEEEEDaRKT_
FN:255,262,_ZNK17algebraic_hashing9functions8fnv_hashINS_10hash_valueILm8EEEE15get_tuple_bytesISt4pairIiNSt7__cxx1112basic_stringIcSt11char_traitsIcESaIcEEEEEEDaRKT_
FN:255,262,_ZNK17algebraic_hashing9functions8fnv_hashINS_10hash_valueILm8EEEE15get_tuple_bytesISt5dequeIiSaIiEEEEDaRKT_
FN:255,262,_ZNK17algebraic_hashing9functions8fnv_hashINS_10hash_valueILm8EEEE15get_tuple_bytesISt5tupleIJidNSt7__cxx1112basic_stringIcSt11char_traitsIcESaIcEEEEEEEDaRKT_
FN:255,262,_ZNK17algebraic_hashing9functions8fnv_hashINS_10hash_valueILm8EEEE15get_tuple_bytesISt5tupleIJiiiEEEEDaRKT_
FN:255,262,_ZNK17algebraic_hashing9functions8fnv_hashINS_10hash_valueILm8EEEE15get_tuple_bytesISt7variantIJiNSt7__cxx1112basic_stringIcSt11char_traitsIcESaIcEEEEEEEDaRKT_
FN:255,262,_ZNK17algebraic_hashing9functions8fnv_hashINS_10hash_valueILm8EEEE15get_tuple_bytesISt8optionalIiEEEDaRKT_
FN:92,94,_ZNK17algebraic_hashing9functions8fnv_hashINS_10hash_valueILm4EEEE9hash_implINSt7__cxx1112basic_stringIcSt11char_traitsIcESaIcEEEEES3_RKT_
FN:92,94,_ZNK17algebraic_hashing9functions8fnv_hashINS_10hash_valueILm4EEEE9hash_implIdEES3_RKT_
FN:92,94,_ZNK17algebraic_hashing9functions8fnv_hashINS_10hash_valueILm8EEEE9hash_implIA1_cEES3_RKT_
FN:92,94,_ZNK17algebraic_hashing9functions8fnv_hashINS_10hash_valueILm8EEEE9hash_implIA6_cEES3_RKT_
FN:92,94,_ZNK17algebraic_hashing9functions8fnv_hashINS_10hash_valueILm8EEEE9hash_implINSt7__cxx1112basic_stringIcSt11char_traitsIcESaIcEEEEES3_RKT_
FN:92,94,_ZNK17algebraic_hashing9functions8fnv_hashINS_10hash_valueILm8EEEE9hash_implINSt7__cxx114listIiSaIiEEEEES3_RKT_
FN:92,94,_ZNK17algebraic_hashing9functions8fnv_hashINS_10hash_valueILm8EEEE9hash_implIPiEES3_RKT_
FN:92,94,_ZNK17algebraic_hashing9functions8fnv_hashINS_10hash_valueILm8EEEE9hash_implIS3_EES3_RKT_
FN:92,94,_ZNK17algebraic_hashing9functions8fnv_hashINS_10hash_valueILm8EEEE9hash_implISt10shared_ptrINSt7__cxx1112basic_stringIcSt11char_traitsIcESaIcEEEEEES3_RKT_
FN:92,94,_ZNK17algebraic_hashing9functions8fnv_hashINS_10hash_valueILm8EEEE9hash_implISt10shared_ptrIiEEES3_RKT_
FN:92,94,_ZNK17algebraic_hashing9functions8fnv_hashINS_10hash_valueILm8EEEE9hash_implISt17basic_string_viewIcSt11char_traitsIcEEEES3_RKT_
FN:92,94,_ZNK17algebraic_hashing9functions8fnv_hashINS_10hash_valueILm8EEEE9hash_implISt3mapIiNSt7__cxx1112basic_stringIcSt11char_traitsIcESaIcEEESt4lessIiESaISt4pairIKiSC_EEEEES3_RKT_
FN:92,94,_ZNK17algebraic_hashing9functions8fnv_hashINS_10hash_valueILm8EEEE9hash_implISt3setIiSt4lessIiESaIiEEEES3_RKT_
FN:92,94,_ZNK17algebraic_hashing9functions8fnv_hashINS_10hash_valueILm8EEEE9hash_implISt4pairIiNSt7__cxx1112basic_stringIcSt11char_traitsIcESaIcEEEEEES3_RKT_
FN:92,94,_ZNK17algebraic_hashing9functions8fnv_hashINS_10hash_valueILm8EEEE9hash_implISt5arrayIiLm5EEEES3_RKT_
FN:92,94,_ZNK17algebraic_hashing9functions8fnv_hashINS_10hash_valueILm8EEEE9hash_implISt5dequeIiSaIiEEEES3_RKT_
FN:92,94,_ZNK17algebraic_hashing9functions8fnv_hashINS_10hash_valueILm8EEEE9hash_implISt5tupleIJidNSt7__cxx1112basic_stringIcSt11char_traitsIcESaIcEEEEEEES3_RKT_
FN:92,94,_ZNK17algebraic_hashing9functions8fnv_hashINS_10hash_valueILm8EEEE9hash_implISt5tupleIJiiiEEEES3_RKT_
FN:92,94,_ZNK17algebraic_hashing9functions8fnv_hashINS_10hash_valueILm8EEEE9hash_implISt6vectorIiSaIiEEEES3_RKT_
FN:92,94,_ZNK17algebraic_hashing9functions8fnv_hashINS_10hash_valueILm8EEEE9hash_implISt7variantIJiNSt7__cxx1112basic_stringIcSt11char_traitsIcESaIcEEEEEEES3_RKT_
FN:92,94,_ZNK17algebraic_hashing9functions8fnv_hashINS_10hash_valueILm8EEEE9hash_implISt8optionalIiEEES3_RKT_
FN:92,94,_ZNK17algebraic_hashing9functions8fnv_hashINS_10hash_valueILm8EEEE9hash_implIaEES3_RKT_
FN:92,94,_ZNK17algebraic_hashing9functions8fnv_hashINS_10hash_valueILm8EEEE9hash_implIdEES3_RKT_
FN:92,94,_ZNK17algebraic_hashing9functions8fnv_hashINS_10hash_valueILm8EEEE9hash_implIeEES3_RKT_
FN:92,94,_ZNK17algebraic_hashing9functions8fnv_hashINS_10hash_valueILm8EEEE9hash_implIfEES3_RKT_
FN:92,94,_ZNK17algebraic_hashing9functions8fnv_hashINS_10hash_valueILm8EEEE9hash_implIhEES3_RKT_
FN:92,94,_ZNK17algebraic_hashing9functions8fnv_hashINS_10hash_valueILm8EEEE9hash_implIiEES3_RKT_
FN:92,94,_ZNK17algebraic_hashing9functions8fnv_hashINS_10hash_valueILm8EEEE9hash_implIjEES3_RKT_
FN:92,94,_ZNK17algebraic_hashing9functions8fnv_hashINS_10hash_valueILm8EEEE9hash_implIlEES3_RKT_
FN:92,94,_ZNK17algebraic_hashing9functions8fnv_hashINS_10hash_valueILm8EEEE9hash_implImEES3_RKT_
FN:92,94,_ZNK17algebraic_hashing9functions8fnv_hashINS_10hash_valueILm8EEEE9hash_implIsEES3_RKT_
FN:92,94,_ZNK17algebraic_hashing9functions8fnv_hashINS_10hash_valueILm8EEEE9hash_implItEES3_RKT_
FNDA:6,_ZNK17algebraic_hashing9functions8fnv_hashINS_10hash_valueILm8EEEE12entropy_implEv
FNDA:6,_ZNK17algebraic_hashing9functions8fnv_hashINS_10hash_valueILm8EEEE13hash_dispatchIA1_cEES3_RKT_NS4_13hash_size_tagIS3_EE
FNDA:3,_ZNK17algebraic_hashing9functions8fnv_hashINS_10hash_valueILm8EEEE13hash_dispatchIA6_cEES3_RKT_NS4_13hash_size_tagIS3_EE
FNDA:1296393,_ZNK17algebraic_hashing9functions8fnv_hashINS_10hash_valueILm8EEEE13hash_dispatchINSt7__cxx1112basic_stringIcSt11char_traitsIcESaIcEEEEES3_RKT_NS4_13hash_size_tagIS3_EE
FNDA:3,_ZNK17algebraic_hashing9functions8fnv_hashINS_10hash_valueILm8EEEE13hash_dispatchINSt7__cxx114listIiSaIiEEEEES3_RKT_NS4_13hash_size_tagIS3_EE
FNDA:3,_ZNK17algebraic_hashing9functions8fnv_hashINS_10hash_valueILm8EEEE13hash_dispatchIPiEES3_RKT_NS4_13hash_size_tagIS3_EE
FNDA:414,_ZNK17algebraic_hashing9functions8fnv_hashINS_10hash_valueILm8EEEE13hash_dispatchIS3_EES3_RKT_NS4_13hash_size_tagIS3_EE
FNDA:9,_ZNK17algebraic_hashing9functions8fnv_hashINS_10hash_valueILm8EEEE13hash_dispatchISt10shared_ptrINSt7__cxx1112basic_stringIcSt11char_traitsIcESaIcEEEEEES3_RKT_NS4_13hash_size_tagIS3_EE
FNDA:3,_ZNK17algebraic_hashing9functions8fnv_hashINS_10hash_valueILm8EEEE13hash_dispatchISt10shared_ptrIiEEES3_RKT_NS4_13hash_size_tagIS3_EE
FNDA:3,_ZNK17algebraic_hashing9functions8fnv_hashINS_10hash_valueILm8EEEE13hash_dispatchISt17basic_string_viewIcSt11char_traitsIcEEEES3_RKT_NS4_13hash_size_tagIS3_EE
FNDA:3,_ZNK17algebraic_hashing9functions8fnv_hashINS_10hash_valueILm8EEEE13hash_dispatchISt3mapIiNSt7__cxx1112basic_stringIcSt11char_traitsIcESaIcEEESt4lessIiESaISt4pairIKiSC_EEEEES3_RKT_NS4_13hash_size_tagIS3_EE
FNDA:3,_ZNK17algebraic_hashing9functions8fnv_hashINS_10hash_valueILm8EEEE13hash_dispatchISt3setIiSt4lessIiESaIiEEEES3_RKT_NS4_13hash_size_tagIS3_EE
FNDA:3,_ZNK17algebraic_hashing9functions8fnv_hashINS_10hash_valueILm8EEEE13hash_dispatchISt4pairIiNSt7__cxx1112basic_stringIcSt11char_traitsIcESaIcEEEEEES3_RKT_NS4_13hash_size_tagIS3_EE
FNDA:3,_ZNK17algebraic_hashing9functions8fnv_hashINS_10hash_valueILm8EEEE13hash_dispatchISt5arrayIiLm5EEEES3_RKT_NS4_13hash_size_tagIS3_EE
FNDA:3,_ZNK17algebraic_hashing9functions8fnv_hashINS_10hash_valueILm8EEEE13hash_dispatchISt5dequeIiSaIiEEEES3_RKT_NS4_13hash_size_tagIS3_EE
FNDA:3,_ZNK17algebraic_hashing9functions8fnv_hashINS_10hash_valueILm8EEEE13hash_dispatchISt5tupleIJidNSt7__cxx1112basic_stringIcSt11char_traitsIcESaIcEEEEEEES3_RKT_NS4_13hash_size_tagIS3_EE
FNDA:6,_ZNK17algebraic_hashing9functions8fnv_hashINS_10hash_valueILm8EEEE13hash_dispatchISt5tupleIJiiiEEEES3_RKT_NS4_13hash_size_tagIS3_EE
FNDA:3,_ZNK17algebraic_hashing9functions8fnv_hashINS_10hash_valueILm8EEEE13hash_dispatchISt6vectorIiSaIiEEEES3_RKT_NS4_13hash_size_tagIS3_EE
FNDA:12,_ZNK17algebraic_hashing9functions8fnv_hashINS_10hash_valueILm8EEEE13hash_dispatchISt7variantIJiNSt7__cxx1112basic_stringIcSt11char_traitsIcESaIcEEEEEEES3_RKT_NS4_13hash_size_tagIS3_EE
FNDA:12,_ZNK17algebraic_hashing9functions8fnv_hashINS_10hash_valueILm8EEEE13hash_dispatchISt8optionalIiEEES3_RKT_NS4_13hash_size_tagIS3_EE
FNDA:3,_ZNK17algebraic_hashing9functions8fnv_hashINS_10hash_valueILm8EEEE13hash_dispatchIaEES3_RKT_NS4_13hash_size_tagIS3_EE
FNDA:87,_ZNK17algebraic_hashing9functions8fnv_hashINS_10hash_valueILm8EEEE13hash_dispatchIdEES3_RKT_NS4_13hash_size_tagIS3_EE
FNDA:3,_ZNK17algebraic_hashing9functions8fnv_hashINS_10hash_valueILm8EEEE13hash_dispatchIeEES3_RKT_NS4_13hash_size_tagIS3_EE
FNDA:60,_ZNK17algebraic_hashing9functions8fnv_hashINS_10hash_valueILm8EEEE13hash_dispatchIfEES3_RKT_NS4_13hash_size_tagIS3_EE
FNDA:3,_ZNK17algebraic_hashing9functions8fnv_hashINS_10hash_valueILm8EEEE13hash_dispatchIhEES3_RKT_NS4_13hash_size_tagIS3_EE
FNDA:36,_ZNK17algebraic_hashing9functions8fnv_hashINS_10hash_valueILm8EEEE13hash_dispatchIiEES3_RKT_NS4_13hash_size_tagIS3_EE
FNDA:3,_ZNK17algebraic_hashing9functions8fnv_hashINS_10hash_valueILm8EEEE13hash_dispatchIjEES3_RKT_NS4_13hash_size_tagIS3_EE
FNDA:618,_ZNK17algebraic_hashing9functions8fnv_hashINS_10hash_valueILm8EEEE13hash_dispatchIlEES3_RKT_NS4_13hash_size_tagIS3_EE
FNDA:3,_ZNK17algebraic_hashing9functions8fnv_hashINS_10hash_valueILm8EEEE13hash_dispatchImEES3_RKT_NS4_13hash_size_tagIS3_EE
FNDA:3,_ZNK17algebraic_hashing9functions8fnv_hashINS_10hash_valueILm8EEEE13hash_dispatchIsEES3_RKT_NS4_13hash_size_tagIS3_EE
FNDA:3,_ZNK17algebraic_hashing9functions8fnv_hashINS_10hash_valueILm8EEEE13hash_dispatchItEES3_RKT_NS4_13hash_size_tagIS3_EE
FNDA:51,_ZNK17algebraic_hashing9functions8fnv_hashINS_10hash_valueILm4EEEE13hash_dispatchINSt7__cxx1112basic_stringIcSt11char_traitsIcESaIcEEEEES3_RKT_NS4_13hash_size_tagIS3_EE
FNDA:54,_ZNK17algebraic_hashing9functions8fnv_hashINS_10hash_valueILm4EEEE13hash_dispatchIdEES3_RKT_NS4_13hash_size_tagIS3_EE
FNDA:51,_ZNK17algebraic_hashing9functions8fnv_hashINS_10hash_valueILm4EEEE23get_byte_representationINSt7__cxx1112basic_stringIcSt11char_traitsIcESaIcEEEEEDaRKT_
FNDA:54,_ZNK17algebraic_hashing9functions8fnv_hashINS_10hash_valueILm4EEEE23get_byte_representationIdEEDaRKT_
FNDA:6,_ZNK17algebraic_hashing9functions8fnv_hashINS_10hash_valueILm8EEEE23get_byte_representationIA1_cEEDaRKT_
FNDA:3,_ZNK17algebraic_hashing9functions8fnv_hashINS_10hash_valueILm8EEEE23get_byte_representationIA6_cEEDaRKT_
FNDA:1296393,_ZNK17algebraic_hashing9functions8fnv_hashINS_10hash_valueILm8EEEE23get_byte_representationINSt7__cxx1112basic_stringIcSt11char_traitsIcESaIcEEEEEDaRKT_
FNDA:3,_ZNK17algebraic_hashing9functions8fnv_hashINS_10hash_valueILm8EEEE23get_byte_representationINSt7__cxx114listIiSaIiEEEEEDaRKT_
FNDA:3,_ZNK17algebraic_hashing9functions8fnv_hashINS_10hash_valueILm8EEEE23get_byte_representationIPiEEDaRKT_
FNDA:414,_ZNK17algebraic_hashing9functions8fnv_hashINS_10hash_valueILm8EEEE23get_byte_representationIS3_EEDaRKT_
FNDA:9,_ZNK17algebraic_hashing9functions8fnv_hashINS_10hash_valueILm8EEEE23get_byte_representationISt10shared_ptrINSt7__cxx1112basic_stringIcSt11char_traitsIcESaIcEEEEEEDaRKT_
FNDA:3,_ZNK17algebraic_hashing9functions8fnv_hashINS_10hash_valueILm8EEEE23get_byte_representationISt10shared_ptrIiEEEDaRKT_
FNDA:3,_ZNK17algebraic_hashing9functions8fnv_hashINS_10hash_valueILm8EEEE23get_byte_representationISt17basic_string_viewIcSt11char_traitsIcEEEEDaRKT_
FNDA:3,_ZNK17algebraic_hashing9functions8fnv_hashINS_10hash_valueILm8EEEE23get_byte_representationISt3mapIiNSt7__cxx1112basic_stringIcSt11char_traitsIcESaIcEEESt4lessIiESaISt4pairIKiSC_EEEEEDaRKT_
FNDA:3,_ZNK17algebraic_hashing9functions8fnv_hashINS_10hash_valueILm8EEEE23get_byte_representationISt3setIiSt4lessIiESaIiEEEEDaRKT_
FNDA:3,_ZNK17algebraic_hashing9functions8fnv_hashINS_10hash_valueILm8EEEE23get_byte_representationISt4pairIiNSt7__cxx1112basic_stringIcSt11char_traitsIcESaIcEEEEEEDaRKT_
FNDA:3,_ZNK17algebraic_hashing9functions8fnv_hashINS_10hash_valueILm8EEEE23get_byte_representationISt5arrayIiLm5EEEEDaRKT_
FNDA:3,_ZNK17algebraic_hashing9functions8fnv_hashINS_10hash_valueILm8EEEE23get_byte_representationISt5dequeIiSaIiEEEEDaRKT_
FNDA:3,_ZNK17algebraic_hashing9functions8fnv_hashINS_10hash_valueILm8EEEE23get_byte_representationISt5tupleIJidNSt7__cxx1112basic_stringIcSt11char_traitsIcESaIcEEEEEEEDaRKT_
FNDA:6,_ZNK17algebraic_hashing9functions8fnv_hashINS_10hash_valueILm8EEEE23get_byte_representationISt5tupleIJiiiEEEEDaRKT_
FNDA:3,_ZNK17algebraic_hashing9functions8fnv_hashINS_10hash_valueILm8EEEE23get_byte_representationISt6vectorIiSaIiEEEEDaRKT_
FNDA:12,_ZNK17algebraic_hashing9functions8fnv_hashINS_10hash_valueILm8EEEE23get_byte_representationISt7variantIJiNSt7__cxx1112basic_stringIcSt11char_traitsIcESaIcEEEEEEEDaRKT_
FNDA:12,_ZNK17algebraic_hashing9functions8fnv_hashINS_10hash_valueILm8EEEE23get_byte_representationISt8optionalIiEEEDaRKT_
FNDA:3,_ZNK17algebraic_hashing9functions8fnv_hashINS_10hash_valueILm8EEEE23get_byte_representationIaEEDaRKT_
FNDA:87,_ZNK17algebraic_hashing9functions8fnv_hashINS_10hash_valueILm8EEEE23get_byte_representationIdEEDaRKT_
FNDA:3,_ZNK17algebraic_hashing9functions8fnv_hashINS_10hash_valueILm8EEEE23get_byte_representationIeEEDaRKT_
FNDA:60,_ZNK17algebraic_hashing9functions8fnv_hashINS_10hash_valueILm8EEEE23get_byte_representationIfEEDaRKT_
FNDA:3,_ZNK17algebraic_hashing9functions8fnv_hashINS_10hash_valueILm8EEEE23get_byte_representationIhEEDaRKT_
FNDA:36,_ZNK17algebraic_hashing9functions8fnv_hashINS_10hash_valueILm8EEEE23get_byte_representationIiEEDaRKT_
FNDA:3,_ZNK17algebraic_hashing9functions8fnv_hashINS_10hash_valueILm8EEEE23get_byte_representationIjEEDaRKT_
FNDA:618,_ZNK17algebraic_hashing9functions8fnv_hashINS_10hash_valueILm8EEEE23get_byte_representationIlEEDaRKT_
FNDA:3,_ZNK17algebraic_hashing9functions8fnv_hashINS_10hash_valueILm8EEEE23get_byte_representationImEEDaRKT_
FNDA:3,_ZNK17algebraic_hashing9functions8fnv_hashINS_10hash_valueILm8EEEE23get_byte_representationIsEEDaRKT_
FNDA:3,_ZNK17algebraic_hashing9functions8fnv_hashINS_10hash_valueILm8EEEE23get_byte_representationItEEDaRKT_
FNDA:54,_ZNK17algebraic_hashing9functions8fnv_hashINS_10hash_valueILm4EEEE20get_arithmetic_bytesImEEDaT_
FNDA:3,_ZNK17algebraic_hashing9functions8fnv_hashINS_10hash_valueILm8EEEE20get_arithmetic_bytesIaEEDaT_
FNDA:3,_ZNK17algebraic_hashing9functions8fnv_hashINS_10hash_valueILm8EEEE20get_arithmetic_bytesIhEEDaT_
FNDA:36,_ZNK17algebraic_hashing9functions8fnv_hashINS_10hash_valueILm8EEEE20get_arithmetic_bytesIiEEDaT_
FNDA:63,_ZNK17algebraic_hashing9functions8fnv_hashINS_10hash_valueILm8EEEE20get_arithmetic_bytesIjEEDaT_
FNDA:618,_ZNK17algebraic_hashing9functions8fnv_hashINS_10hash_valueILm8EEEE20get_arithmetic_bytesIlEEDaT_
FNDA:90,_ZNK17algebraic_hashing9functions8fnv_hashINS_10hash_valueILm8EEEE20get_arithmetic_bytesImEEDaT_
FNDA:3,_ZNK17algebraic_hashing9functions8fnv_hashINS_10hash_valueILm8EEEE20get_arithmetic_bytesIsEEDaT_
FNDA:3,_ZNK17algebraic_hashing9functions8fnv_hashINS_10hash_valueILm8EEEE20get_arithmetic_bytesItEEDaT_
FNDA:54,_ZNK17algebraic_hashing9functions8fnv_hashINS_10hash_valueILm4EEEE20get_arithmetic_bytesIdEEDaT_
FNDA:87,_ZNK17algebraic_hashing9functions8fnv_hashINS_10hash_valueILm8EEEE20get_arithmetic_bytesIdEEDaT_
FNDA:3,_ZNK17algebraic_hashing9functions8fnv_hashINS_10hash_valueILm8EEEE20get_arithmetic_bytesIeEEDaT_
FNDA:60,_ZNK17algebraic_hashing9functions8fnv_hashINS_10hash_valueILm8EEEE20get_arithmetic_bytesIfEEDaT_
FNDA:414,_ZNK17algebraic_hashing9functions8fnv_hashINS_10hash_valueILm8EEEE19get_container_bytesIS3_EEDaRKT_
FNDA:3,_ZNK17algebraic_hashing9functions8fnv_hashINS_10hash_valueILm8EEEE19get_container_bytesISt5arrayIiLm5EEEEDaRKT_
FNDA:3,_ZNK17algebraic_hashing9functions8fnv_hashINS_10hash_valueILm8EEEE19get_container_bytesISt6vectorIiSaIiEEEEDaRKT_
FNDA:3,_ZNK17algebraic_hashing9functions8fnv_hashINS_10hash_valueILm8EEEE15get_tuple_bytesINSt7__cxx114listIiSaIiEEEEEDaRKT_
FNDA:3,_ZNK17algebraic_hashing9functions8fnv_hashINS_10hash_valueILm8EEEE15get_tuple_bytesIPiEEDaRKT_
FNDA:9,_ZNK17algebraic_hashing9functions8fnv_hashINS_10hash_valueILm8EEEE15get_tuple_bytesISt10shared_ptrINSt7__cxx1112basic_stringIcSt11char_traitsIcESaIcEEEEEEDaRKT_
FNDA:3,_ZNK17algebraic_hashing9functions8fnv_hashINS_10hash_valueILm8EEEE15get_tuple_bytesISt10shared_ptrIiEEEDaRKT_
FNDA:3,_ZNK17algebraic_hashing9functions8fnv_hashINS_10hash_valueILm8EEEE15get_tuple_bytesISt3mapIiNSt7__cxx1112basic_stringIcSt11char_traitsIcESaIcEEESt4lessIiESaISt4pairIKiSC_EEEEEDaRKT_
FNDA:3,_ZNK17algebraic_hashing9functions8fnv_hashINS_10hash_valueILm8EEEE15get_tuple_bytesISt3setIiSt4lessIiESaIiEEEEDaRKT_
FNDA:3,_ZNK17algebraic_hashing9functions8fnv_hashINS_10hash_valueILm8EEEE15get_tuple_bytesISt4pairIiNSt7__cxx1112basic_stringIcSt11char_traitsIcESaIcEEEEEEDaRKT_
FNDA:3,_ZNK17algebraic_hashing9functions8fnv_hashINS_10hash_valueILm8EEEE15get_tuple_bytesISt5dequeIiSaIiEEEEDaRKT_
FNDA:3,_ZNK17algebraic_hashing9functions8fnv_hashINS_10hash_valueILm8EEEE15get_tuple_bytesISt5tupleIJidNSt7__cxx1112basic_stringIcSt11char_traitsIcESaIcEEEEEEEDaRKT_
FNDA:6,_ZNK17algebraic_hashing9functions8fnv_hashINS_10hash_valueILm8EEEE15get_tuple_bytesISt5tupleIJiiiEEEEDaRKT_
FNDA:12,_ZNK17algebraic_hashing9functions8fnv_hashINS_10hash_valueILm8EEEE15get_tuple_bytesISt7variantIJiNSt7__cxx1112basic_stringIcSt11char_traitsIcESaIcEEEEEEEDaRKT_
FNDA:12,_ZNK17algebraic_hashing9functions8fnv_hashINS_10hash_valueILm8EEEE15get_tuple_bytesISt8optionalIiEEEDaRKT_
FNDA:51,_ZNK17algebraic_hashing9functions8fnv_hashINS_10hash_valueILm4EEEE9hash_implINSt7__cxx1112basic_stringIcSt11char_traitsIcESaIcEEEEES3_RKT_
FNDA:54,_ZNK17algebraic_hashing9functions8fnv_hashINS_10hash_valueILm4EEEE9hash_implIdEES3_RKT_
FNDA:6,_ZNK17algebraic_hashing9functions8fnv_hashINS_10hash_valueILm8EEEE9hash_implIA1_cEES3_RKT_
FNDA:3,_ZNK17algebraic_hashing9functions8fnv_hashINS_10hash_valueILm8EEEE9hash_implIA6_cEES3_RKT_
FNDA:1296393,_ZNK17algebraic_hashing9functions8fnv_hashINS_10hash_valueILm8EEEE9hash_implINSt7__cxx1112basic_stringIcSt11char_traitsIcESaIcEEEEES3_RKT_
FNDA:3,_ZNK17algebraic_hashing9functions8fnv_hashINS_10hash_valueILm8EEEE9hash_implINSt7__cxx114listIiSaIiEEEEES3_RKT_
FNDA:3,_ZNK17algebraic_hashing9functions8fnv_hashINS_10hash_valueILm8EEEE9hash_implIPiEES3_RKT_
FNDA:414,_ZNK17algebraic_hashing9functions8fnv_hashINS_10hash_valueILm8EEEE9hash_implIS3_EES3_RKT_
FNDA:9,_ZNK17algebraic_hashing9functions8fnv_hashINS_10hash_valueILm8EEEE9hash_implISt10shared_ptrINSt7__cxx1112basic_stringIcSt11char_traitsIcESaIcEEEEEES3_RKT_
FNDA:3,_ZNK17algebraic_hashing9functions8fnv_hashINS_10hash_valueILm8EEEE9hash_implISt10shared_ptrIiEEES3_RKT_
FNDA:3,_ZNK17algebraic_hashing9functions8fnv_hashINS_10hash_valueILm8EEEE9hash_implISt17basic_string_viewIcSt11char_traitsIcEEEES3_RKT_
FNDA:3,_ZNK17algebraic_hashing9functions8fnv_hashINS_10hash_valueILm8EEEE9hash_implISt3mapIiNSt7__cxx1112basic_stringIcSt11char_traitsIcESaIcEEESt4lessIiESaISt4pairIKiSC_EEEEES3_RKT_
FNDA:3,_ZNK17algebraic_hashing9functions8fnv_hashINS_10hash_valueILm8EEEE9hash_implISt3setIiSt4lessIiESaIiEEEES3_RKT_
FNDA:3,_ZNK17algebraic_hashing9functions8fnv_hashINS_10hash_valueILm8EEEE9hash_implISt4pairIiNSt7__cxx1112basic_stringIcSt11char_traitsIcESaIcEEEEEES3_RKT_
FNDA:3,_ZNK17algebraic_hashing9functions8fnv_hashINS_10hash_valueILm8EEEE9hash_implISt5arrayIiLm5EEEES3_RKT_
FNDA:3,_ZNK17algebraic_hashing9functions8fnv_hashINS_10hash_valueILm8EEEE9hash_implISt5dequeIiSaIiEEEES3_RKT_
FNDA:3,_ZNK17algebraic_hashing9functions8fnv_hashINS_10hash_valueILm8EEEE9hash_implISt5tupleIJidNSt7__cxx1112basic_stringIcSt11char_traitsIcESaIcEEEEEEES3_RKT_
FNDA:6,_ZNK17algebraic_hashing9functions8fnv_hashINS_10hash_valueILm8EEEE9hash_implISt5tupleIJiiiEEEES3_RKT_
FNDA:3,_ZNK17algebraic_hashing9functions8fnv_hashINS_10hash_valueILm8EEEE9hash_implISt6vectorIiSaIiEEEES3_RKT_
FNDA:12,_ZNK17algebraic_hashing9functions8fnv_hashINS_10hash_valueILm8EEEE9hash_implISt7variantIJiNSt7__cxx1112basic_stringIcSt11char_traitsIcESaIcEEEEEEES3_RKT_
FNDA:12,_ZNK17algebraic_hashing9functions8fnv_hashINS_10hash_valueILm8EEEE9hash_implISt8optionalIiEEES3_RKT_
FNDA:3,_ZNK17algebraic_hashing9functions8fnv_hashINS_10hash_valueILm8EEEE9hash_implIaEES3_RKT_
FNDA:87,_ZNK17algebraic_hashing9functions8fnv_hashINS_10hash_valueILm8EEEE9hash_implIdEES3_RKT_
FNDA:3,_ZNK17algebraic_hashing9functions8fnv_hashINS_10hash_valueILm8EEEE9hash_implIeEES3_RKT_
FNDA:60,_ZNK17algebraic_hashing9functions8fnv_hashINS_10hash_valueILm8EEEE9hash_implIfEES3_RKT_
FNDA:3,_ZNK17algebraic_hashing9functions8fnv_hashINS_10hash_valueILm8EEEE9hash_implIhEES3_RKT_
FNDA:36,_ZNK17algebraic_hashing9functions8fnv_hashINS_10hash_valueILm8EEEE9hash_implIiEES3_RKT_
FNDA:3,_ZNK17algebraic_hashing9functions8fnv_hashINS_10hash_valueILm8EEEE9hash_implIjEES3_RKT_
FNDA:618,_ZNK17algebraic_hashing9functions8fnv_hashINS_10hash_valueILm8EEEE9hash_implIlEES3_RKT_
FNDA:3,_ZNK17algebraic_hashing9functions8fnv_hashINS_10hash_valueILm8EEEE9hash_implImEES3_RKT_
FNDA:3,_ZNK17algebraic_hashing9functions8fnv_hashINS_10hash_valueILm8EEEE9hash_implIsEES3_RKT_
FNDA:3,_ZNK17algebraic_hashing9functions8fnv_hashINS_10hash_valueILm8EEEE9hash_implItEES3_RKT_
FNF:125
FNH:125
DA:92,1297815
DA:93,1297815
DA:109,6
DA:110,6
DA:118,1297710
DA:119,1297710
DA:120,1297710
DA:122,1541061172
DA:123,1539763462
DA:124,1539763462
DA:128,1297710
DA:129,2595420
DA:130,1297710
DA:135,105
DA:136,105
DA:137,105
DA:139,67185
DA:140,67080
DA:141,67080
DA:145,105
DA:146,210
DA:147,105
DA:173,1297815
DA:176,876
DA:179,9
DA:180,9
DA:183,9
DA:186,3889341
DA:187,1296447
DA:188,1296447
DA:189,1296447
DA:192,420
DA:195,63
DA:206,873
DA:208,873
DA:209,7383
DA:210,6510
DA:211,6510
DA:214,873
DA:218,204
DA:221,60
DA:222,60
DA:224,141
DA:225,141
DA:228,3
DA:229,3
DA:230,3
DA:235,420
DA:240,414
DA:243,414
DA:247,12
DA:248,6
DA:249,6
DA:250,6
DA:255,63
DA:258,63
DA:261,63
LF:57
LH:57
end_of_record
